#
# There is insufficient memory for the Java Runtime Environment to continue.
# Native memory allocation (malloc) failed to allocate 37136 bytes for Chunk::new
# Possible reasons:
#   The system is out of physical RAM or swap space
#   In 32 bit mode, the process size limit was hit
# Possible solutions:
#   Reduce memory load on the system
#   Increase physical memory or swap space
#   Check if swap backing store is full
#   Use 64 bit Java on a 64 bit OS
#   Decrease Java heap size (-Xmx/-Xms)
#   Decrease number of Java threads
#   Decrease Java thread stack sizes (-Xss)
#   Set larger code cache with -XX:ReservedCodeCacheSize=
# This output file may be truncated or incomplete.
#
#  Out of Memory Error (allocation.cpp:390), pid=5016, tid=5584
#
# JRE version: Java(TM) SE Runtime Environment (8.0_71-b15) (build 1.8.0_71-b15)
# Java VM: Java HotSpot(TM) 64-Bit Server VM (25.71-b15 mixed mode windows-amd64 compressed oops)
# Failed to write core dump. Minidumps are not enabled by default on client versions of Windows
#

---------------  T H R E A D  ---------------

Current thread (0x0000000055116800):  JavaThread "C2 CompilerThread0" daemon [_thread_in_native, id=5584, stack(0x00000000569b0000,0x0000000056ab0000)]

Stack: [0x00000000569b0000,0x0000000056ab0000]
[error occurred during error reporting (printing stack bounds), id 0xc0000005]

Native frames: (J=compiled Java code, j=interpreted, Vv=VM code, C=native code)


Current CompileTask:
C2:  43493 2195   !   4       com.android.dx.cf.code.Ropper::processBlock (1101 bytes)


---------------  P R O C E S S  ---------------

Java Threads: ( => current thread )
  0x0000000056da7000 JavaThread "pool-2-thread-4" [_thread_blocked, id=5480, stack(0x0000000057940000,0x0000000057a40000)]
  0x0000000056d1f800 JavaThread "pool-2-thread-3" [_thread_blocked, id=5824, stack(0x0000000057ab0000,0x0000000057bb0000)]
  0x0000000056d1e800 JavaThread "pool-2-thread-2" [_thread_blocked, id=4312, stack(0x00000000576f0000,0x00000000577f0000)]
  0x0000000056d1c000 JavaThread "pool-3-thread-1" [_thread_blocked, id=5520, stack(0x00000000577f0000,0x00000000578f0000)]
  0x0000000056d1b800 JavaThread "pool-2-thread-1" [_thread_blocked, id=2928, stack(0x0000000057090000,0x0000000057190000)]
  0x0000000056b0c000 JavaThread "Service Thread" daemon [_thread_blocked, id=3464, stack(0x0000000057370000,0x0000000057470000)]
  0x0000000056b08000 JavaThread "C1 CompilerThread2" daemon [_thread_in_native, id=4208, stack(0x00000000571b0000,0x00000000572b0000)]
  0x0000000056b07000 JavaThread "C2 CompilerThread1" daemon [_thread_in_native, id=2248, stack(0x0000000056ef0000,0x0000000056ff0000)]
=>0x0000000055116800 JavaThread "C2 CompilerThread0" daemon [_thread_in_native, id=5584, stack(0x00000000569b0000,0x0000000056ab0000)]
  0x0000000055113800 JavaThread "Attach Listener" daemon [_thread_blocked, id=5084, stack(0x00000000567b0000,0x00000000568b0000)]
  0x0000000055111000 JavaThread "Signal Dispatcher" daemon [_thread_blocked, id=1908, stack(0x00000000565f0000,0x00000000566f0000)]
  0x00000000550b1800 JavaThread "Finalizer" daemon [_thread_blocked, id=2696, stack(0x0000000056460000,0x0000000056560000)]
  0x00000000550b0000 JavaThread "Reference Handler" daemon [_thread_blocked, id=4816, stack(0x0000000056160000,0x0000000056260000)]
  0x000000000231f000 JavaThread "main" [_thread_in_native, id=4076, stack(0x0000000002560000,0x0000000002660000)]

Other Threads:
  0x00000000550aa800 VMThread [stack: 0x00000000562c0000,0x00000000563c0000] [id=5812]
  0x0000000056b13800 WatcherThread [stack: 0x0000000057560000,0x0000000057660000] [id=4668]

VM state:not at safepoint (normal execution)

VM Mutex/Monitor currently owned by a thread: None

Heap:
 PSYoungGen      total 69632K, used 25731K [0x00000000eab00000, 0x00000000efb00000, 0x0000000100000000)
  eden space 61952K, 29% used [0x00000000eab00000,0x00000000ebca78b8,0x00000000ee780000)
  from space 7680K, 99% used [0x00000000ef080000,0x00000000ef7f9348,0x00000000ef800000)
  to   space 9216K, 0% used [0x00000000ee780000,0x00000000ee780000,0x00000000ef080000)
 ParOldGen       total 42496K, used 30022K [0x00000000c0000000, 0x00000000c2980000, 0x00000000eab00000)
  object space 42496K, 70% used [0x00000000c0000000,0x00000000c1d519f0,0x00000000c2980000)
 Metaspace       used 6481K, capacity 7256K, committed 7424K, reserved 1056768K
  class space    used 624K, capacity 656K, committed 768K, reserved 1048576K

Card table byte_map: [0x0000000011cf0000,0x0000000011f00000] byte_map_base: 0x00000000116f0000

Marking Bits: (ParMarkBitMap*) 0x0000000061c3f600
 Begin Bits: [0x0000000012520000, 0x0000000013520000)
 End Bits:   [0x0000000013520000, 0x0000000014520000)

Polling page: 0x0000000000130000

CodeCache: size=245760Kb used=11063Kb max_used=11084Kb free=234696Kb
 bounds [0x0000000002930000, 0x0000000003420000, 0x0000000011930000]
 total_blobs=2409 nmethods=2139 adapters=182
 compilation: enabled

Compilation events (10 events):
Event: 43.024 Thread 0x0000000056b07000 2200       4       com.android.dx.rop.code.RegisterSpecList::getType (12 bytes)
Event: 43.026 Thread 0x0000000056b07000 nmethod 2200 0x0000000002a52610 code [0x0000000002a52760, 0x0000000002a52858]
Event: 43.036 Thread 0x0000000056b07000 2201       4       java.util.HashMap::<init> (98 bytes)
Event: 43.038 Thread 0x0000000056b07000 nmethod 2201 0x00000000033e1450 code [0x00000000033e15a0, 0x00000000033e1738]
Event: 43.041 Thread 0x0000000056b07000 2202       4       com.android.dx.ssa.SsaBasicBlock::addMoveToEnd (172 bytes)
Event: 43.044 Thread 0x0000000056b08000 2204       3       com.android.dx.dex.file.AnnotationsDirectoryItem::setClassAnnotations (45 bytes)
Event: 43.046 Thread 0x0000000056b08000 nmethod 2204 0x00000000033e0d10 code [0x00000000033e0ea0, 0x00000000033e12a8]
Event: 43.048 Thread 0x0000000056b08000 2205   !   3       java.util.concurrent.locks.AbstractQueuedSynchronizer::doAcquireInterruptibly (97 bytes)
Event: 43.050 Thread 0x0000000056b08000 nmethod 2205 0x00000000033ee110 code [0x00000000033ee360, 0x00000000033eef38]
Event: 43.050 Thread 0x0000000056b08000 2206       3       com.android.dx.cf.direct.StdAttributeFactory::innerClasses (383 bytes)

GC Heap History (10 events):
Event: 17.984 GC heap before
{Heap before GC invocations=4 (full 0):
 PSYoungGen      total 18432K, used 18425K [0x00000000eab00000, 0x00000000ecf00000, 0x0000000100000000)
  eden space 15872K, 100% used [0x00000000eab00000,0x00000000eba80000,0x00000000eba80000)
  from space 2560K, 99% used [0x00000000eba80000,0x00000000ebcfe568,0x00000000ebd00000)
  to   space 2560K, 0% used [0x00000000ecc80000,0x00000000ecc80000,0x00000000ecf00000)
 ParOldGen       total 42496K, used 4773K [0x00000000c0000000, 0x00000000c2980000, 0x00000000eab00000)
  object space 42496K, 11% used [0x00000000c0000000,0x00000000c04a95d0,0x00000000c2980000)
 Metaspace       used 6117K, capacity 7024K, committed 7296K, reserved 1056768K
  class space    used 602K, capacity 616K, committed 640K, reserved 1048576K
Event: 18.012 GC heap after
Heap after GC invocations=4 (full 0):
 PSYoungGen      total 34304K, used 2553K [0x00000000eab00000, 0x00000000ecf00000, 0x0000000100000000)
  eden space 31744K, 0% used [0x00000000eab00000,0x00000000eab00000,0x00000000eca00000)
  from space 2560K, 99% used [0x00000000ecc80000,0x00000000ecefe568,0x00000000ecf00000)
  to   space 2560K, 0% used [0x00000000eca00000,0x00000000eca00000,0x00000000ecc80000)
 ParOldGen       total 42496K, used 7192K [0x00000000c0000000, 0x00000000c2980000, 0x00000000eab00000)
  object space 42496K, 16% used [0x00000000c0000000,0x00000000c07060d0,0x00000000c2980000)
 Metaspace       used 6117K, capacity 7024K, committed 7296K, reserved 1056768K
  class space    used 602K, capacity 616K, committed 640K, reserved 1048576K
}
Event: 21.410 GC heap before
{Heap before GC invocations=5 (full 0):
 PSYoungGen      total 34304K, used 34297K [0x00000000eab00000, 0x00000000ecf00000, 0x0000000100000000)
  eden space 31744K, 100% used [0x00000000eab00000,0x00000000eca00000,0x00000000eca00000)
  from space 2560K, 99% used [0x00000000ecc80000,0x00000000ecefe568,0x00000000ecf00000)
  to   space 2560K, 0% used [0x00000000eca00000,0x00000000eca00000,0x00000000ecc80000)
 ParOldGen       total 42496K, used 7192K [0x00000000c0000000, 0x00000000c2980000, 0x00000000eab00000)
  object space 42496K, 16% used [0x00000000c0000000,0x00000000c07060d0,0x00000000c2980000)
 Metaspace       used 6219K, capacity 7088K, committed 7296K, reserved 1056768K
  class space    used 602K, capacity 616K, committed 640K, reserved 1048576K
Event: 21.691 GC heap after
Heap after GC invocations=5 (full 0):
 PSYoungGen      total 34304K, used 2550K [0x00000000eab00000, 0x00000000ef800000, 0x0000000100000000)
  eden space 31744K, 0% used [0x00000000eab00000,0x00000000eab00000,0x00000000eca00000)
  from space 2560K, 99% used [0x00000000eca00000,0x00000000ecc7d830,0x00000000ecc80000)
  to   space 7680K, 0% used [0x00000000ef080000,0x00000000ef080000,0x00000000ef800000)
 ParOldGen       total 42496K, used 11954K [0x00000000c0000000, 0x00000000c2980000, 0x00000000eab00000)
  object space 42496K, 28% used [0x00000000c0000000,0x00000000c0bac928,0x00000000c2980000)
 Metaspace       used 6219K, capacity 7088K, committed 7296K, reserved 1056768K
  class space    used 602K, capacity 616K, committed 640K, reserved 1048576K
}
Event: 29.795 GC heap before
{Heap before GC invocations=6 (full 0):
 PSYoungGen      total 34304K, used 34294K [0x00000000eab00000, 0x00000000ef800000, 0x0000000100000000)
  eden space 31744K, 100% used [0x00000000eab00000,0x00000000eca00000,0x00000000eca00000)
  from space 2560K, 99% used [0x00000000eca00000,0x00000000ecc7d830,0x00000000ecc80000)
  to   space 7680K, 0% used [0x00000000ef080000,0x00000000ef080000,0x00000000ef800000)
 ParOldGen       total 42496K, used 11954K [0x00000000c0000000, 0x00000000c2980000, 0x00000000eab00000)
  object space 42496K, 28% used [0x00000000c0000000,0x00000000c0bac928,0x00000000c2980000)
 Metaspace       used 6261K, capacity 7152K, committed 7296K, reserved 1056768K
  class space    used 603K, capacity 616K, committed 640K, reserved 1048576K
Event: 30.004 GC heap after
Heap after GC invocations=6 (full 0):
 PSYoungGen      total 69632K, used 7665K [0x00000000eab00000, 0x00000000efb00000, 0x0000000100000000)
  eden space 61952K, 0% used [0x00000000eab00000,0x00000000eab00000,0x00000000ee780000)
  from space 7680K, 99% used [0x00000000ef080000,0x00000000ef7fc730,0x00000000ef800000)
  to   space 9216K, 0% used [0x00000000ee780000,0x00000000ee780000,0x00000000ef080000)
 ParOldGen       total 42496K, used 12205K [0x00000000c0000000, 0x00000000c2980000, 0x00000000eab00000)
  object space 42496K, 28% used [0x00000000c0000000,0x00000000c0beb4d8,0x00000000c2980000)
 Metaspace       used 6261K, capacity 7152K, committed 7296K, reserved 1056768K
  class space    used 603K, capacity 616K, committed 640K, reserved 1048576K
}
Event: 38.585 GC heap before
{Heap before GC invocations=7 (full 0):
 PSYoungGen      total 69632K, used 69617K [0x00000000eab00000, 0x00000000efb00000, 0x0000000100000000)
  eden space 61952K, 100% used [0x00000000eab00000,0x00000000ee780000,0x00000000ee780000)
  from space 7680K, 99% used [0x00000000ef080000,0x00000000ef7fc730,0x00000000ef800000)
  to   space 9216K, 0% used [0x00000000ee780000,0x00000000ee780000,0x00000000ef080000)
 ParOldGen       total 42496K, used 12205K [0x00000000c0000000, 0x00000000c2980000, 0x00000000eab00000)
  object space 42496K, 28% used [0x00000000c0000000,0x00000000c0beb4d8,0x00000000c2980000)
 Metaspace       used 6384K, capacity 7192K, committed 7424K, reserved 1056768K
  class space    used 624K, capacity 656K, committed 768K, reserved 1048576K
Event: 38.968 GC heap after
Heap after GC invocations=7 (full 0):
 PSYoungGen      total 71168K, used 9195K [0x00000000eab00000, 0x00000000efb00000, 0x0000000100000000)
  eden space 61952K, 0% used [0x00000000eab00000,0x00000000eab00000,0x00000000ee780000)
  from space 9216K, 99% used [0x00000000ee780000,0x00000000ef07afe0,0x00000000ef080000)
  to   space 7680K, 0% used [0x00000000ef080000,0x00000000ef080000,0x00000000ef800000)
 ParOldGen       total 42496K, used 19471K [0x00000000c0000000, 0x00000000c2980000, 0x00000000eab00000)
  object space 42496K, 45% used [0x00000000c0000000,0x00000000c1303f08,0x00000000c2980000)
 Metaspace       used 6384K, capacity 7192K, committed 7424K, reserved 1056768K
  class space    used 624K, capacity 656K, committed 768K, reserved 1048576K
}
Event: 41.887 GC heap before
{Heap before GC invocations=8 (full 0):
 PSYoungGen      total 71168K, used 71147K [0x00000000eab00000, 0x00000000efb00000, 0x0000000100000000)
  eden space 61952K, 100% used [0x00000000eab00000,0x00000000ee780000,0x00000000ee780000)
  from space 9216K, 99% used [0x00000000ee780000,0x00000000ef07afe0,0x00000000ef080000)
  to   space 7680K, 0% used [0x00000000ef080000,0x00000000ef080000,0x00000000ef800000)
 ParOldGen       total 42496K, used 19471K [0x00000000c0000000, 0x00000000c2980000, 0x00000000eab00000)
  object space 42496K, 45% used [0x00000000c0000000,0x00000000c1303f08,0x00000000c2980000)
 Metaspace       used 6480K, capacity 7256K, committed 7424K, reserved 1056768K
  class space    used 624K, capacity 656K, committed 768K, reserved 1048576K
Event: 42.039 GC heap after
Heap after GC invocations=8 (full 0):
 PSYoungGen      total 69632K, used 7652K [0x00000000eab00000, 0x00000000efb00000, 0x0000000100000000)
  eden space 61952K, 0% used [0x00000000eab00000,0x00000000eab00000,0x00000000ee780000)
  from space 7680K, 99% used [0x00000000ef080000,0x00000000ef7f9348,0x00000000ef800000)
  to   space 9216K, 0% used [0x00000000ee780000,0x00000000ee780000,0x00000000ef080000)
 ParOldGen       total 42496K, used 30022K [0x00000000c0000000, 0x00000000c2980000, 0x00000000eab00000)
  object space 42496K, 70% used [0x00000000c0000000,0x00000000c1d519f0,0x00000000c2980000)
 Metaspace       used 6480K, capacity 7256K, committed 7424K, reserved 1056768K
  class space    used 624K, capacity 656K, committed 768K, reserved 1048576K
}

Deoptimization events (10 events):
Event: 38.985 Thread 0x0000000056d1b800 Uncommon trap: reason=unstable_if action=reinterpret pc=0x0000000002e48df0 method=java.util.HashMap.putVal(ILjava/lang/Object;Ljava/lang/Object;ZZ)Ljava/lang/Object; @ 162
Event: 39.216 Thread 0x0000000056d1e800 Uncommon trap: reason=class_check action=maybe_recompile pc=0x00000000031dc43c method=com.android.dx.ssa.SCCP.replaceConstants()V @ 182
Event: 39.222 Thread 0x0000000056d1e800 Uncommon trap: reason=class_check action=maybe_recompile pc=0x00000000031dc43c method=com.android.dx.ssa.SCCP.replaceConstants()V @ 182
Event: 39.301 Thread 0x0000000056d1f800 Uncommon trap: reason=unstable_if action=reinterpret pc=0x0000000002e116e4 method=java.util.HashMap.putVal(ILjava/lang/Object;Ljava/lang/Object;ZZ)Ljava/lang/Object; @ 109
Event: 40.132 Thread 0x0000000056d1f800 Uncommon trap: reason=bimorphic action=maybe_recompile pc=0x0000000002e9efe8 method=com.android.dx.ssa.LiteralOpUpgrader.tryReplacingWithConstant(Lcom/android/dx/ssa/NormalSsaInsn;)Z @ 62
Event: 40.596 Thread 0x0000000056d1e800 Uncommon trap: reason=unstable_if action=reinterpret pc=0x00000000032beaa0 method=com.android.dx.cf.code.Ropper.isSynchronized()Z @ 12
Event: 40.597 Thread 0x0000000056d1e800 Uncommon trap: reason=unstable_if action=reinterpret pc=0x0000000003341d88 method=com.android.dx.cf.code.Ropper.isSynchronized()Z @ 12
Event: 40.597 Thread 0x0000000056d1e800 Uncommon trap: reason=unstable_if action=reinterpret pc=0x0000000002e736b0 method=com.android.dx.ssa.MoveParamCombiner$1.visitNonMoveInsn(Lcom/android/dx/ssa/NormalSsaInsn;)V @ 27
Event: 41.235 Thread 0x0000000056da7000 Uncommon trap: reason=unstable_if action=reinterpret pc=0x00000000032d0a60 method=com.android.dx.rop.code.DexTranslationAdvice.hasConstantOperation(Lcom/android/dx/rop/code/Rop;Lcom/android/dx/rop/code/RegisterSpec;Lcom/android/dx/rop/code/RegisterSpec;)Z ‚Ar2ÀD@
Event: 41.502 Thread 0x0000000056d1f800 Uncommon trap: reason=unstable_if action=reinterpret pc=0x0000000003035200 method=java.util.HashMap.resize()[Ljava/util/HashMap$Node; @ 206

Internal exceptions (6 events):
Event: 1.601 Thread 0x000000000231f000 Exception <a 'java/lang/NoSuchMethodError': Method sun.misc.Unsafe.defineClass(Ljava/lang/String;[BII)Ljava/lang/Class; name or signature does not match> (0x00000000eab0d598) thrown at [C:\re\workspace\8-2-build-windows-amd64-cygwin\jdk8u71\5731\hotspot\sriÊ"ŒãŸù?
Event: 1.602 Thread 0x000000000231f000 Exception <a 'java/lang/NoSuchMethodError': Method sun.misc.Unsafe.prefetchRead(Ljava/lang/Object;J)V name or signature does not match> (0x00000000eab0d880) thrown at [C:\re\workspace\8-2-build-windows-amd64-cygwin\jdk8u71\5731\hotspot\src\share\vm\prims\jž’¥±gí1@
Event: 17.927 Thread 0x0000000056da7000 Implicit null exception at 0x0000000002f2048d to 0x0000000002f22eb1
Event: 37.857 Thread 0x0000000056da7000 Exception <a 'java/lang/ArrayIndexOutOfBoundsException': 18> (0x00000000edcff378) thrown at [C:\re\workspace\8-2-build-windows-amd64-cygwin\jdk8u71\5731\hotspot\src\share\vm\interpreter\interpreterRuntime.cpp, line 366]
Event: 37.858 Thread 0x0000000056da7000 Exception <a 'java/lang/ArrayIndexOutOfBoundsException': 145> (0x00000000edd00ef8) thrown at [C:\re\workspace\8-2-build-windows-amd64-cygwin\jdk8u71\5731\hotspot\src\share\vm\interpreter\interpreterRuntime.cpp, line 366]
Event: 38.157 Thread 0x0000000056da7000 Exception <a 'java/lang/ArrayIndexOutOfBoundsException'> (0x00000000edd021e0) thrown at [C:\re\workspace\8-2-build-windows-amd64-cygwin\jdk8u71\5731\hotspot\src\share\vm\runtime\sharedRuntime.cpp, line 605]

Events (10 events):
Event: 41.235 Thread 0x0000000056da7000 DEOPT PACKING pc=0x00000000032d0a60 sp=0x0000000057a3e7b0
Event: 41.236 Thread 0x0000000056da7000 DEOPT UNPACKING pc=0x000000000297582a sp=0x0000000057a3e6d0 mode 2
Event: 41.502 Thread 0x0000000056d1f800 Uncommon trap: trap_request=0xffffff65 fr.pc=0x0000000003035200
Event: 41.502 Thread 0x0000000056d1f800 DEOPT PACKING pc=0x0000000003035200 sp=0x0000000057bae1a0
Event: 41.502 Thread 0x0000000056d1f800 DEOPT UNPACKING pc=0x000000000297582a sp=0x0000000057bae108 mode 2
Event: 41.887 Executing VM operation: ParallelGCFailedAllocation
Event: 42.039 Executing VM operation: ParallelGCFailedAllocation done
Event: 42.147 Thread 0x0000000056b08000 flushing nmethod 0x0000000002a3f150
Event: 42.147 Thread 0x0000000056b08000 flushing nmethod 0x0000000002a52610
Event: 42.278 Thread 0x0000000056b08000 flushing nmethod 0x0000000002abbd50


Dynamic libraries:
0x000000013ff20000 - 0x000000013ff57000 	C:\Program Files\Java\jdk1.8.0_71\bin\java.exe
0x00000000776d0000 - 0x000000007787a000 	C:\Windows\SYSTEM32\ntdll.dll
0x00000000775b0000 - 0x00000000776cf000 	C:\Windows\system32\kernel32.dll
0x000007fefd660000 - 0x000007fefd6ca000 	C:\Windows\system32\KERNELBASE.dll
0x000007fefde90000 - 0x000007fefdf6b000 	C:\Windows\system32\ADVAPI32.dll
0x000007feff6b0000 - 0x000007feff74f000 	C:\Windows\system32\msvcrt.dll
0x000007fefd870000 - 0x000007fefd88f000 	C:\Windows\SYSTEM32\sechost.dll
0x000007fefdab0000 - 0x000007fefdbdd000 	C:\Windows\system32\RPCRT4.dll
0x00000000774b0000 - 0x00000000775aa000 	C:\Windows\system32\USER32.dll
0x000007feff7b0000 - 0x000007feff817000 	C:\Windows\system32\GDI32.dll
0x000007fefdaa0000 - 0x000007fefdaae000 	C:\Windows\system32\LPK.dll
0x000007fefdbe0000 - 0x000007fefdcaa000 	C:\Windows\system32\USP10.dll
0x000007fefbe70000 - 0x000007fefc064000 	C:\Windows\WinSxS\amd64_microsoft.windows.common-controls_6595b64144ccf1df_6.0.7601.18837_none_fa3b1e3d17594757\COMCTL32.dll
0x000007feff840000 - 0x000007feff8b1000 	C:\Windows\system32\SHLWAPI.dll
0x000007feff9b0000 - 0x000007feff9de000 	C:\Windows\system32\IMM32.DLL
0x000007fefdf70000 - 0x000007fefe079000 	C:\Windows\system32\MSCTF.dll
0x0000000066c40000 - 0x0000000066d12000 	C:\Program Files\Java\jdk1.8.0_71\jre\bin\msvcr100.dll
0x0000000061430000 - 0x0000000061cbf000 	C:\Program Files\Java\jdk1.8.0_71\jre\bin\server\jvm.dll
0x000007fef0c40000 - 0x000007fef0c49000 	C:\Windows\system32\WSOCK32.dll
0x000007feff960000 - 0x000007feff9ad000 	C:\Windows\system32\WS2_32.dll
0x000007fefe350000 - 0x000007fefe358000 	C:\Windows\system32\NSI.dll
0x000007fef5d00000 - 0x000007fef5d3b000 	C:\Windows\system32\WINMM.dll
0x000007fefc500000 - 0x000007fefc50c000 	C:\Windows\system32\VERSION.dll
0x00000000778a0000 - 0x00000000778a7000 	C:\Windows\system32\PSAPI.DLL
0x000000006b8e0000 - 0x000000006b8ef000 	C:\Program Files\Java\jdk1.8.0_71\jre\bin\verify.dll
0x000000006b8b0000 - 0x000000006b8d9000 	C:\Program Files\Java\jdk1.8.0_71\jre\bin\java.dll
0x000000006b850000 - 0x000000006b866000 	C:\Program Files\Java\jdk1.8.0_71\jre\bin\zip.dll
0x000007fefe650000 - 0x000007feff3dc000 	C:\Windows\system32\SHELL32.dll
0x000007fefd890000 - 0x000007fefda93000 	C:\Windows\system32\ole32.dll
0x000007fefd420000 - 0x000007fefd42f000 	C:\Windows\system32\profapi.dll

VM Arguments:
jvm_args: -Djava.awt.headless=true -Xmx1024M -Dfile.encoding=windows-1252 -Duser.country=ES -Duser.language=es -Duser.variant 
java_command: com.android.dx.command.Main --dex --force-jumbo --num-threads=4 --multi-dex --output P:\AndroidStudioProjects\MaterialDesign\app\build\intermediates\transforms\dex\debug\folders\1000\10\com.android.support-appcompat-v7-24.1.1_58500fdc93045192137701f7840115c8840ff075 P:\AndroidStudioProjects\MaterialDesign\app\build\intermediates\exploded-aar\com.android.support\appcompat-v7\24.1.1\jars\classes.jar
java_class_path (initial): P:\AndroidSdk\build-tools\24.0.1\lib\dx.jar
Launcher Type: SUN_STANDARD

Environment Variables:
JAVA_HOME=C:\Program Files\Java\jdk1.8.0_71
CLASSPATH=.;C:\Program Files\Java\jdk1.8.0_71/lib;
PATH=C:\ProgramData\Oracle\Java\javapath;P:\ORACLE\app\oracle\product\11.2.0\server\bin;P:\oracle\software\bin;C:\Program Files\Java\jdk1.8.0_71/bin;C:\Program Files (x86)\Skype\Phone\;C:\Program Files\Java\jdk1.8.0_71\bin;c:\windows;c:\windows\system32;c:\windows\system32\wbem ;P:\cygwin64\bin\;P:\cygwin64\lib\;C:\Program Files (x86)\CodeBlocks\MinGW\bin\;C:\Program Files (x86)\CodeBlocks\MinGW\lib\;C:\Program Files\Git\cmd;C:\Program Files\Java\jdk1.8.0_71\bin;C:\Users\Juan Diego\AppData\Local\atom\bin
USERNAME=Juan Diego
OS=Windows_NT
PROCESSOR_IDENTIFIER=Intel64 Family 6 Model 42 Stepping 7, GenuineIntel



---------------  S Y S T E M  ---------------

OS: Windows 7 , 64 bit Build 7601 (6.1.7601.23418)

CPU:total 4 (2 cores per cpu, 2 threads per core) family 6 model 42 stepping 7, cmov, cx8, fxsr, mmx, sse, sse2, sse3, ssse3, sse4.1, sse4.2, popcnt, avx, clmul, ht, tsc, tscinvbit

Memory: 4k page, physical 3968552k(36440k free), swap 7115856k(4292k free)

vm_info: Java HotSpot(TM) 64-Bit Server VM (25.71-b15) for windows-amd64 JRE (1.8.0_71-b15), built on Dec 22 2015 18:15:55 by "java_re" with MS VC++ 10.0 (VS2010)

time: Tue Aug 09 20:31:18 2016
elapsed time: 44 seconds (0d 0h 0m 44s)

