#
# There is insufficient memory for the Java Runtime Environment to continue.
# Native memory allocation (malloc) failed to allocate 479216 bytes for Chunk::new
# Possible reasons:
#   The system is out of physical RAM or swap space
#   In 32 bit mode, the process size limit was hit
# Possible solutions:
#   Reduce memory load on the system
#   Increase physical memory or swap space
#   Check if swap backing store is full
#   Use 64 bit Java on a 64 bit OS
#   Decrease Java heap size (-Xmx/-Xms)
#   Decrease number of Java threads
#   Decrease Java thread stack sizes (-Xss)
#   Set larger code cache with -XX:ReservedCodeCacheSize=
# This output file may be truncated or incomplete.
#
#  Out of Memory Error (allocation.cpp:390), pid=4068, tid=5448
#
# JRE version: Java(TM) SE Runtime Environment (8.0_71-b15) (build 1.8.0_71-b15)
# Java VM: Java HotSpot(TM) 64-Bit Server VM (25.71-b15 mixed mode windows-amd64 compressed oops)
# Failed to write core dump. Minidumps are not enabled by default on client versions of Windows
#

---------------  T H R E A D  ---------------

Current thread (0x0000000055107000):  JavaThread "C2 CompilerThread0" daemon [_thread_in_native, id=5448, stack(0x0000000056a00000,0x0000000056b00000)]

Stack: [0x0000000056a00000,0x0000000056b00000]
[error occurred during error reporting (printing stack bounds), id 0xc0000005]

Native frames: (J=compiled Java code, j=interpreted, Vv=VM code, C=native code)


Current CompileTask:
C2:  30888 2399       4       com.android.dx.dex.code.DalvInsnList::getOutsSize (105 bytes)


---------------  P R O C E S S  ---------------

Java Threads: ( => current thread )
  0x0000000056d6e000 JavaThread "pool-1-thread-1" [_thread_in_native, id=6016, stack(0x0000000057570000,0x0000000057670000)]
  0x0000000056b5b800 JavaThread "Service Thread" daemon [_thread_blocked, id=376, stack(0x0000000057240000,0x0000000057340000)]
  0x0000000056b57800 JavaThread "C1 CompilerThread2" daemon [_thread_blocked, id=5400, stack(0x0000000057030000,0x0000000057130000)]
  0x000000005510e800 JavaThread "C2 CompilerThread1" daemon [_thread_in_native, id=4968, stack(0x0000000056880000,0x0000000056980000)]
=>0x0000000055107000 JavaThread "C2 CompilerThread0" daemon [_thread_in_native, id=5448, stack(0x0000000056a00000,0x0000000056b00000)]
  0x0000000055103800 JavaThread "Attach Listener" daemon [_thread_blocked, id=6124, stack(0x0000000056780000,0x0000000056880000)]
  0x0000000055101000 JavaThread "Signal Dispatcher" daemon [_thread_blocked, id=5624, stack(0x0000000056640000,0x0000000056740000)]
  0x00000000550a7000 JavaThread "Finalizer" daemon [_thread_blocked, id=3724, stack(0x0000000056440000,0x0000000056540000)]
  0x00000000550a0000 JavaThread "Reference Handler" daemon [_thread_blocked, id=5456, stack(0x0000000056250000,0x0000000056350000)]
  0x000000000209f000 JavaThread "main" [_thread_blocked, id=5760, stack(0x00000000022f0000,0x00000000023f0000)]

Other Threads:
  0x000000005509a800 VMThread [stack: 0x0000000056050000,0x0000000056150000] [id=5800]
  0x0000000056b7c000 WatcherThread [stack: 0x0000000057410000,0x0000000057510000] [id=3420]

VM state:not at safepoint (normal execution)

VM Mutex/Monitor currently owned by a thread: None

Heap:
 PSYoungGen      total 34304K, used 9734K [0x00000000eab00000, 0x00000000ecf00000, 0x0000000100000000)
  eden space 31744K, 22% used [0x00000000eab00000,0x00000000eb2098e0,0x00000000eca00000)
  from space 2560K, 98% used [0x00000000eca00000,0x00000000ecc78010,0x00000000ecc80000)
  to   space 2560K, 0% used [0x00000000ecc80000,0x00000000ecc80000,0x00000000ecf00000)
 ParOldGen       total 42496K, used 17479K [0x00000000c0000000, 0x00000000c2980000, 0x00000000eab00000)
  object space 42496K, 41% used [0x00000000c0000000,0x00000000c1111c98,0x00000000c2980000)
 Metaspace       used 6817K, capacity 7608K, committed 7936K, reserved 1056768K
  class space    used 628K, capacity 688K, committed 768K, reserved 1048576K

Card table byte_map: [0x0000000011a80000,0x0000000011c90000] byte_map_base: 0x0000000011480000

Marking Bits: (ParMarkBitMap*) 0x0000000061c3f600
 Begin Bits: [0x0000000012510000, 0x0000000013510000)
 End Bits:   [0x0000000013510000, 0x0000000014510000)

Polling page: 0x0000000001b60000

CodeCache: size=245760Kb used=10294Kb max_used=10367Kb free=235466Kb
 bounds [0x00000000026c0000, 0x00000000030f0000, 0x00000000116c0000]
 total_blobs=2652 nmethods=2380 adapters=183
 compilation: enabled

Compilation events (10 events):
Event: 30.151 Thread 0x0000000056b57800 2415       3       java.security.CodeSource::hashCode (17 bytes)
Event: 30.151 Thread 0x0000000056b57800 nmethod 2415 0x00000000030db490 code [0x00000000030db620, 0x00000000030dbb88]
Event: 30.152 Thread 0x0000000056b57800 2416       1       com.android.dx.rop.annotation.Annotation::getVisibility (5 bytes)
Event: 30.152 Thread 0x0000000056b57800 nmethod 2416 0x00000000030dbd10 code [0x00000000030dbe60, 0x00000000030dbf70]
Event: 30.152 Thread 0x0000000056b57800 2417       3       com.android.dx.dex.file.AnnotationItem::writeTo0 (191 bytes)
Event: 30.155 Thread 0x0000000056b57800 nmethod 2417 0x00000000030dbfd0 code [0x00000000030dc3c0, 0x00000000030de818]
Event: 30.155 Thread 0x0000000056b57800 2418       3       com.android.dx.dex.file.ClassDataItem::writeTo0 (31 bytes)
Event: 30.156 Thread 0x0000000056b57800 nmethod 2418 0x00000000030dfc10 code [0x00000000030dfda0, 0x00000000030e01f8]
Event: 30.496 Thread 0x0000000055107000 

Event: 30.498 Thread 0x0000000055107000 2399       4       com.android.dx.dex.code.DalvInsnList::getOutsSize (105 bytes)

GC Heap History (10 events):
Event: 1.569 GC heap before
{Heap before GC invocations=1 (full 0):
 PSYoungGen      total 18432K, used 15872K [0x00000000eab00000, 0x00000000ebf80000, 0x0000000100000000)
  eden space 15872K, 100% used [0x00000000eab00000,0x00000000eba80000,0x00000000eba80000)
  from space 2560K, 0% used [0x00000000ebd00000,0x00000000ebd00000,0x00000000ebf80000)
  to   space 2560K, 0% used [0x00000000eba80000,0x00000000eba80000,0x00000000ebd00000)
 ParOldGen       total 42496K, used 0K [0x00000000c0000000, 0x00000000c2980000, 0x00000000eab00000)
  object space 42496K, 0% used [0x00000000c0000000,0x00000000c0000000,0x00000000c2980000)
 Metaspace       used 5327K, capacity 6320K, committed 6528K, reserved 1056768K
  class space    used 585K, capacity 616K, committed 640K, reserved 1048576K
Event: 1.612 GC heap after
Heap after GC invocations=1 (full 0):
 PSYoungGen      total 18432K, used 2528K [0x00000000eab00000, 0x00000000ecf00000, 0x0000000100000000)
  eden space 15872K, 0% used [0x00000000eab00000,0x00000000eab00000,0x00000000eba80000)
  from space 2560K, 98% used [0x00000000eba80000,0x00000000ebcf8058,0x00000000ebd00000)
  to   space 2560K, 0% used [0x00000000ecc80000,0x00000000ecc80000,0x00000000ecf00000)
 ParOldGen       total 42496K, used 530K [0x00000000c0000000, 0x00000000c2980000, 0x00000000eab00000)
  object space 42496K, 1% used [0x00000000c0000000,0x00000000c0084a88,0x00000000c2980000)
 Metaspace       used 5327K, capacity 6320K, committed 6528K, reserved 1056768K
  class space    used 585K, capacity 616K, committed 640K, reserved 1048576K
}
Event: 4.380 GC heap before
{Heap before GC invocations=2 (full 0):
 PSYoungGen      total 18432K, used 18400K [0x00000000eab00000, 0x00000000ecf00000, 0x0000000100000000)
  eden space 15872K, 100% used [0x00000000eab00000,0x00000000eba80000,0x00000000eba80000)
  from space 2560K, 98% used [0x00000000eba80000,0x00000000ebcf8058,0x00000000ebd00000)
  to   space 2560K, 0% used [0x00000000ecc80000,0x00000000ecc80000,0x00000000ecf00000)
 ParOldGen       total 42496K, used 530K [0x00000000c0000000, 0x00000000c2980000, 0x00000000eab00000)
  object space 42496K, 1% used [0x00000000c0000000,0x00000000c0084a88,0x00000000c2980000)
 Metaspace       used 5989K, capacity 6896K, committed 7040K, reserved 1056768K
  class space    used 599K, capacity 616K, committed 640K, reserved 1048576K
Event: 4.455 GC heap after
Heap after GC invocations=2 (full 0):
 PSYoungGen      total 34304K, used 2554K [0x00000000eab00000, 0x00000000ecf00000, 0x0000000100000000)
  eden space 31744K, 0% used [0x00000000eab00000,0x00000000eab00000,0x00000000eca00000)
  from space 2560K, 99% used [0x00000000ecc80000,0x00000000ecefea90,0x00000000ecf00000)
  to   space 2560K, 0% used [0x00000000eca00000,0x00000000eca00000,0x00000000ecc80000)
 ParOldGen       total 42496K, used 1791K [0x00000000c0000000, 0x00000000c2980000, 0x00000000eab00000)
  object space 42496K, 4% used [0x00000000c0000000,0x00000000c01bff60,0x00000000c2980000)
 Metaspace       used 5989K, capacity 6896K, committed 7040K, reserved 1056768K
  class space    used 599K, capacity 616K, committed 640K, reserved 1048576K
}
Event: 17.145 GC heap before
{Heap before GC invocations=3 (full 0):
 PSYoungGen      total 34304K, used 34298K [0x00000000eab00000, 0x00000000ecf00000, 0x0000000100000000)
  eden space 31744K, 100% used [0x00000000eab00000,0x00000000eca00000,0x00000000eca00000)
  from space 2560K, 99% used [0x00000000ecc80000,0x00000000ecefea90,0x00000000ecf00000)
  to   space 2560K, 0% used [0x00000000eca00000,0x00000000eca00000,0x00000000ecc80000)
 ParOldGen       total 42496K, used 1791K [0x00000000c0000000, 0x00000000c2980000, 0x00000000eab00000)
  object space 42496K, 4% used [0x00000000c0000000,0x00000000c01bff60,0x00000000c2980000)
 Metaspace       used 6239K, capacity 7088K, committed 7296K, reserved 1056768K
  class space    used 601K, capacity 616K, committed 640K, reserved 1048576K
Event: 18.319 GC heap after
Heap after GC invocations=3 (full 0):
 PSYoungGen      total 34304K, used 2560K [0x00000000eab00000, 0x00000000ecf00000, 0x0000000100000000)
  eden space 31744K, 0% used [0x00000000eab00000,0x00000000eab00000,0x00000000eca00000)
  from space 2560K, 100% used [0x00000000eca00000,0x00000000ecc80000,0x00000000ecc80000)
  to   space 2560K, 0% used [0x00000000ecc80000,0x00000000ecc80000,0x00000000ecf00000)
 ParOldGen       total 42496K, used 6472K [0x00000000c0000000, 0x00000000c2980000, 0x00000000eab00000)
  object space 42496K, 15% used [0x00000000c0000000,0x00000000c06523a8,0x00000000c2980000)
 Metaspace       used 6239K, capacity 7088K, committed 7296K, reserved 1056768K
  class space    used 601K, capacity 616K, committed 640K, reserved 1048576K
}
Event: 24.062 GC heap before
{Heap before GC invocations=4 (full 0):
 PSYoungGen      total 34304K, used 34304K [0x00000000eab00000, 0x00000000ecf00000, 0x0000000100000000)
  eden space 31744K, 100% used [0x00000000eab00000,0x00000000eca00000,0x00000000eca00000)
  from space 2560K, 100% used [0x00000000eca00000,0x00000000ecc80000,0x00000000ecc80000)
  to   space 2560K, 0% used [0x00000000ecc80000,0x00000000ecc80000,0x00000000ecf00000)
 ParOldGen       total 42496K, used 6472K [0x00000000c0000000, 0x00000000c2980000, 0x00000000eab00000)
  object space 42496K, 15% used [0x00000000c0000000,0x00000000c06523a8,0x00000000c2980000)
 Metaspace       used 6296K, capacity 7152K, committed 7296K, reserved 1056768K
  class space    used 602K, capacity 616K, committed 640K, reserved 1048576K
Event: 24.105 GC heap after
Heap after GC invocations=4 (full 0):
 PSYoungGen      total 34304K, used 2528K [0x00000000eab00000, 0x00000000ecf00000, 0x0000000100000000)
  eden space 31744K, 0% used [0x00000000eab00000,0x00000000eab00000,0x00000000eca00000)
  from space 2560K, 98% used [0x00000000ecc80000,0x00000000ecef8010,0x00000000ecf00000)
  to   space 2560K, 0% used [0x00000000eca00000,0x00000000eca00000,0x00000000ecc80000)
 ParOldGen       total 42496K, used 11900K [0x00000000c0000000, 0x00000000c2980000, 0x00000000eab00000)
  object space 42496K, 28% used [0x00000000c0000000,0x00000000c0b9f150,0x00000000c2980000)
 Metaspace       used 6296K, capacity 7152K, committed 7296K, reserved 1056768K
  class space    used 602K, capacity 616K, committed 640K, reserved 1048576K
}
Event: 29.127 GC heap before
{Heap before GC invocations=5 (full 0):
 PSYoungGen      total 34304K, used 34272K [0x00000000eab00000, 0x00000000ecf00000, 0x0000000100000000)
  eden space 31744K, 100% used [0x00000000eab00000,0x00000000eca00000,0x00000000eca00000)
  from space 2560K, 98% used [0x00000000ecc80000,0x00000000ecef8010,0x00000000ecf00000)
  to   space 2560K, 0% used [0x00000000eca00000,0x00000000eca00000,0x00000000ecc80000)
 ParOldGen       total 42496K, used 11900K [0x00000000c0000000, 0x00000000c2980000, 0x00000000eab00000)
  object space 42496K, 28% used [0x00000000c0000000,0x00000000c0b9f150,0x00000000c2980000)
 Metaspace       used 6445K, capacity 7224K, committed 7296K, reserved 1056768K
  class space    used 612K, capacity 624K, committed 640K, reserved 1048576K
Event: 29.282 GC heap after
Heap after GC invocations=5 (full 0):
 PSYoungGen      total 34304K, used 2528K [0x00000000eab00000, 0x00000000ecf00000, 0x0000000100000000)
  eden space 31744K, 0% used [0x00000000eab00000,0x00000000eab00000,0x00000000eca00000)
  from space 2560K, 98% used [0x00000000eca00000,0x00000000ecc78010,0x00000000ecc80000)
  to   space 2560K, 0% used [0x00000000ecc80000,0x00000000ecc80000,0x00000000ecf00000)
 ParOldGen       total 42496K, used 17479K [0x00000000c0000000, 0x00000000c2980000, 0x00000000eab00000)
  object space 42496K, 41% used [0x00000000c0000000,0x00000000c1111c98,0x00000000c2980000)
 Metaspace       used 6445K, capacity 7224K, committed 7296K, reserved 1056768K
  class space    used 612K, capacity 624K, committed 640K, reserved 1048576K
}

Deoptimization events (10 events):
Event: 28.443 Thread 0x0000000056d6e000 Uncommon trap: reason=unstable_if action=reinterpret pc=0x0000000002f5fbb4 method=java.util.HashMap.putVal(ILjava/lang/Object;Ljava/lang/Object;ZZ)Ljava/lang/Object; @ 94
Event: 29.315 Thread 0x0000000056d6e000 Uncommon trap: reason=class_check action=maybe_recompile pc=0x0000000002a7eb70 method=java.util.Arrays.equals([Ljava/lang/Object;[Ljava/lang/Object;)Z @ 62
Event: 29.315 Thread 0x0000000056d6e000 Uncommon trap: reason=class_check action=maybe_recompile pc=0x0000000002a7eb70 method=java.util.Arrays.equals([Ljava/lang/Object;[Ljava/lang/Object;)Z @ 62
Event: 29.315 Thread 0x0000000056d6e000 Uncommon trap: reason=class_check action=maybe_recompile pc=0x0000000002a7eb70 method=java.util.Arrays.equals([Ljava/lang/Object;[Ljava/lang/Object;)Z @ 62
Event: 29.315 Thread 0x0000000056d6e000 Uncommon trap: reason=class_check action=maybe_recompile pc=0x0000000002a7eb70 method=java.util.Arrays.equals([Ljava/lang/Object;[Ljava/lang/Object;)Z @ 62
Event: 29.430 Thread 0x0000000056d6e000 Uncommon trap: reason=unstable_if action=reinterpret pc=0x0000000002fbd37c method=com.android.dx.dex.code.OutputFinisher.findOpcodeForInsn(Lcom/android/dx/dex/code/DalvInsn;Lcom/android/dx/dex/code/Dop;)Lcom/android/dx/dex/code/Dop; @ 1
Event: 29.551 Thread 0x0000000056d6e000 Uncommon trap: reason=unstable_if action=reinterpret pc=0x0000000002daa0ac method=java.util.TreeMap.put(Ljava/lang/Object;Ljava/lang/Object;)Ljava/lang/Object; @ 163
Event: 29.621 Thread 0x0000000056d6e000 Uncommon trap: reason=unstable_if action=reinterpret pc=0x00000000030088b8 method=com.android.dx.dex.code.LocalList$MakeState.aboutToProcess(II)V @ 54
Event: 30.006 Thread 0x0000000056d6e000 Uncommon trap: reason=unstable_if action=reinterpret pc=0x0000000003056934 method=com.android.dx.util.ByteArrayAnnotatedOutput.writeByte(I)V @ 13
Event: 30.136 Thread 0x0000000056d6e000 Uncommon trap: reason=unstable_if action=reinterpret pc=0x0000000003055c0c method=com.android.dx.util.ByteArrayAnnotatedOutput.writeByte(I)V @ 13

Internal exceptions (2 events):
Event: 0.226 Thread 0x000000000209f000 Exception <a 'java/lang/NoSuchMethodError': Method sun.misc.Unsafe.defineClass(Ljava/lang/String;[BII)Ljava/lang/Class; name or signature does not match> (0x00000000eab0d510) thrown at [C:\re\workspace\8-2-build-windows-amd64-cygwin\jdk8u71\5731\hotspot\sräÿ;\éÌ?
Event: 0.226 Thread 0x000000000209f000 Exception <a 'java/lang/NoSuchMethodError': Method sun.misc.Unsafe.prefetchRead(Ljava/lang/Object;J)V name or signature does not match> (0x00000000eab0d7f8) thrown at [C:\re\workspace\8-2-build-windows-amd64-cygwin\jdk8u71\5731\hotspot\src\share\vm\prims\j

Events (10 events):
Event: 30.491 Thread 0x0000000055107000 flushing nmethod 0x00000000027ff6d0
Event: 30.491 Thread 0x0000000055107000 flushing nmethod 0x00000000027ffdd0
Event: 30.491 Thread 0x0000000055107000 flushing nmethod 0x0000000002801a50
Event: 30.491 Thread 0x0000000055107000 flushing nmethod 0x0000000002802150
Event: 30.491 Thread 0x0000000055107000 flushing nmethod 0x0000000002804d10
Event: 30.491 Thread 0x0000000055107000 flushing nmethod 0x000000000280f210
Event: 30.585 loading class java/security/Security done
Event: 30.585 loading class java/security/Security$1
Event: 30.585 loading class java/security/Security$1 done
Event: 30.586 loading class java/util/Properties$LineReader


Dynamic libraries:
0x000000013ff20000 - 0x000000013ff57000 	C:\Program Files\Java\jdk1.8.0_71\bin\java.exe
0x00000000776d0000 - 0x000000007787a000 	C:\Windows\SYSTEM32\ntdll.dll
0x00000000775b0000 - 0x00000000776cf000 	C:\Windows\system32\kernel32.dll
0x000007fefd660000 - 0x000007fefd6ca000 	C:\Windows\system32\KERNELBASE.dll
0x000007fefde90000 - 0x000007fefdf6b000 	C:\Windows\system32\ADVAPI32.dll
0x000007feff6b0000 - 0x000007feff74f000 	C:\Windows\system32\msvcrt.dll
0x000007fefd870000 - 0x000007fefd88f000 	C:\Windows\SYSTEM32\sechost.dll
0x000007fefdab0000 - 0x000007fefdbdd000 	C:\Windows\system32\RPCRT4.dll
0x00000000774b0000 - 0x00000000775aa000 	C:\Windows\system32\USER32.dll
0x000007feff7b0000 - 0x000007feff817000 	C:\Windows\system32\GDI32.dll
0x000007fefdaa0000 - 0x000007fefdaae000 	C:\Windows\system32\LPK.dll
0x000007fefdbe0000 - 0x000007fefdcaa000 	C:\Windows\system32\USP10.dll
0x000007fefbe70000 - 0x000007fefc064000 	C:\Windows\WinSxS\amd64_microsoft.windows.common-controls_6595b64144ccf1df_6.0.7601.18837_none_fa3b1e3d17594757\COMCTL32.dll
0x000007feff840000 - 0x000007feff8b1000 	C:\Windows\system32\SHLWAPI.dll
0x000007feff9b0000 - 0x000007feff9de000 	C:\Windows\system32\IMM32.DLL
0x000007fefdf70000 - 0x000007fefe079000 	C:\Windows\system32\MSCTF.dll
0x0000000066c40000 - 0x0000000066d12000 	C:\Program Files\Java\jdk1.8.0_71\jre\bin\msvcr100.dll
0x0000000061430000 - 0x0000000061cbf000 	C:\Program Files\Java\jdk1.8.0_71\jre\bin\server\jvm.dll
0x000007fef0c40000 - 0x000007fef0c49000 	C:\Windows\system32\WSOCK32.dll
0x000007feff960000 - 0x000007feff9ad000 	C:\Windows\system32\WS2_32.dll
0x000007fefe350000 - 0x000007fefe358000 	C:\Windows\system32\NSI.dll
0x000007fef5d00000 - 0x000007fef5d3b000 	C:\Windows\system32\WINMM.dll
0x000007fefc500000 - 0x000007fefc50c000 	C:\Windows\system32\VERSION.dll
0x00000000778a0000 - 0x00000000778a7000 	C:\Windows\system32\PSAPI.DLL
0x000000006b8e0000 - 0x000000006b8ef000 	C:\Program Files\Java\jdk1.8.0_71\jre\bin\verify.dll
0x000000006b8b0000 - 0x000000006b8d9000 	C:\Program Files\Java\jdk1.8.0_71\jre\bin\java.dll
0x000000006b850000 - 0x000000006b866000 	C:\Program Files\Java\jdk1.8.0_71\jre\bin\zip.dll
0x000007fefe650000 - 0x000007feff3dc000 	C:\Windows\system32\SHELL32.dll
0x000007fefd890000 - 0x000007fefda93000 	C:\Windows\system32\ole32.dll
0x000007fefd420000 - 0x000007fefd42f000 	C:\Windows\system32\profapi.dll

VM Arguments:
jvm_args: -Djava.awt.headless=true -Xmx1024M -Dfile.encoding=windows-1252 -Duser.country=ES -Duser.language=es -Duser.variant 
java_command: com.android.dx.command.Main --dex --force-jumbo --num-threads=4 --multi-dex --output P:\AndroidStudioProjects\MaterialDesign\app\build\intermediates\transforms\dex\debug\folders\1000\10\internal_impl-24.1.1_64322ffe0a407a7df3d849320f976e8bd7e551d6 P:\AndroidStudioProjects\MaterialDesign\app\build\intermediates\exploded-aar\com.android.support\support-v4\24.1.1\jars\libs\internal_impl-24.1.1.jar
java_class_path (initial): P:\AndroidSdk\build-tools\24.0.1\lib\dx.jar
Launcher Type: SUN_STANDARD

Environment Variables:
JAVA_HOME=C:\Program Files\Java\jdk1.8.0_71
CLASSPATH=.;C:\Program Files\Java\jdk1.8.0_71/lib;
PATH=C:\ProgramData\Oracle\Java\javapath;P:\ORACLE\app\oracle\product\11.2.0\server\bin;P:\oracle\software\bin;C:\Program Files\Java\jdk1.8.0_71/bin;C:\Program Files (x86)\Skype\Phone\;C:\Program Files\Java\jdk1.8.0_71\bin;c:\windows;c:\windows\system32;c:\windows\system32\wbem ;P:\cygwin64\bin\;P:\cygwin64\lib\;C:\Program Files (x86)\CodeBlocks\MinGW\bin\;C:\Program Files (x86)\CodeBlocks\MinGW\lib\;C:\Program Files\Git\cmd;C:\Program Files\Java\jdk1.8.0_71\bin;C:\Users\Juan Diego\AppData\Local\atom\bin
USERNAME=Juan Diego
OS=Windows_NT
PROCESSOR_IDENTIFIER=Intel64 Family 6 Model 42 Stepping 7, GenuineIntel



---------------  S Y S T E M  ---------------

OS: Windows 7 , 64 bit Build 7601 (6.1.7601.23418)

CPU:total 4 (2 cores per cpu, 2 threads per core) family 6 model 42 stepping 7, cmov, cx8, fxsr, mmx, sse, sse2, sse3, ssse3, sse4.1, sse4.2, popcnt, avx, clmul, ht, tsc, tscinvbit

Memory: 4k page, physical 3968552k(36492k free), swap 7115856k(4352k free)

vm_info: Java HotSpot(TM) 64-Bit Server VM (25.71-b15) for windows-amd64 JRE (1.8.0_71-b15), built on Dec 22 2015 18:15:55 by "java_re" with MS VC++ 10.0 (VS2010)

time: Tue Aug 09 20:31:18 2016
elapsed time: 31 seconds (0d 0h 0m 31s)

