#
# There is insufficient memory for the Java Runtime Environment to continue.
# Native memory allocation (malloc) failed to allocate 1808496 bytes for Chunk::new
# Possible reasons:
#   The system is out of physical RAM or swap space
#   In 32 bit mode, the process size limit was hit
# Possible solutions:
#   Reduce memory load on the system
#   Increase physical memory or swap space
#   Check if swap backing store is full
#   Use 64 bit Java on a 64 bit OS
#   Decrease Java heap size (-Xmx/-Xms)
#   Decrease number of Java threads
#   Decrease Java thread stack sizes (-Xss)
#   Set larger code cache with -XX:ReservedCodeCacheSize=
# This output file may be truncated or incomplete.
#
#  Out of Memory Error (allocation.cpp:390), pid=6052, tid=1700
#
# JRE version: Java(TM) SE Runtime Environment (8.0_71-b15) (build 1.8.0_71-b15)
# Java VM: Java HotSpot(TM) 64-Bit Server VM (25.71-b15 mixed mode windows-amd64 compressed oops)
# Failed to write core dump. Minidumps are not enabled by default on client versions of Windows
#

---------------  T H R E A D  ---------------

Current thread (0x00000000551f7000):  JavaThread "C2 CompilerThread0" daemon [_thread_in_native, id=1700, stack(0x00000000568e0000,0x00000000569e0000)]

Stack: [0x00000000568e0000,0x00000000569e0000]
[error occurred during error reporting (printing stack bounds), id 0xc0000005]

Native frames: (J=compiled Java code, j=interpreted, Vv=VM code, C=native code)


Current CompileTask:
C2:  45927 1865   !   4       com.android.dx.cf.code.BytecodeArray::parseInstruction (2764 bytes)


---------------  P R O C E S S  ---------------

Java Threads: ( => current thread )
  0x00000000573d0000 JavaThread "pool-2-thread-4" [_thread_blocked, id=5724, stack(0x0000000058190000,0x0000000058290000)]
  0x00000000573cb000 JavaThread "pool-2-thread-3" [_thread_blocked, id=1760, stack(0x0000000058060000,0x0000000058160000)]
  0x00000000573ca800 JavaThread "pool-2-thread-2" [_thread_blocked, id=1752, stack(0x0000000057dd0000,0x0000000057ed0000)]
  0x0000000056c59000 JavaThread "pool-3-thread-1" [_thread_blocked, id=5296, stack(0x0000000057190000,0x0000000057290000)]
  0x0000000056c54000 JavaThread "pool-2-thread-1" [_thread_blocked, id=3976, stack(0x0000000057c40000,0x0000000057d40000)]
  0x0000000056a6d800 JavaThread "Service Thread" daemon [_thread_blocked, id=2160, stack(0x0000000057030000,0x0000000057130000)]
  0x00000000569e4800 JavaThread "C1 CompilerThread2" daemon [_thread_in_vm, id=5668, stack(0x0000000056e60000,0x0000000056f60000)]
  0x00000000551fb800 JavaThread "C2 CompilerThread1" daemon [_thread_in_native, id=2976, stack(0x0000000056460000,0x0000000056560000)]
=>0x00000000551f7000 JavaThread "C2 CompilerThread0" daemon [_thread_in_native, id=1700, stack(0x00000000568e0000,0x00000000569e0000)]
  0x00000000551f3800 JavaThread "Attach Listener" daemon [_thread_blocked, id=5144, stack(0x00000000566c0000,0x00000000567c0000)]
  0x00000000551f1000 JavaThread "Signal Dispatcher" daemon [_thread_blocked, id=3088, stack(0x00000000561f0000,0x00000000562f0000)]
  0x0000000055191800 JavaThread "Finalizer" daemon [_thread_blocked, id=5516, stack(0x00000000565b0000,0x00000000566b0000)]
  0x0000000055190000 JavaThread "Reference Handler" daemon [_thread_blocked, id=5824, stack(0x0000000056300000,0x0000000056400000)]
  0x000000000215f000 JavaThread "main" [_thread_in_native, id=3292, stack(0x00000000024e0000,0x00000000025e0000)]

Other Threads:
  0x000000005518a800 VMThread [stack: 0x00000000560e0000,0x00000000561e0000] [id=6128]
  0x0000000056a73000 WatcherThread [stack: 0x00000000572c0000,0x00000000573c0000] [id=3572]

VM state:not at safepoint (normal execution)

VM Mutex/Monitor currently owned by a thread:  ([mutex/lock_event])
[0x000000000215c910] CodeCache_lock - owner thread: 0x00000000569e4800

Heap:
 PSYoungGen      total 66048K, used 29505K [0x00000000eab00000, 0x00000000f4500000, 0x0000000100000000)
  eden space 63488K, 42% used [0x00000000eab00000,0x00000000ec556378,0x00000000ee900000)
  from space 2560K, 99% used [0x00000000ee900000,0x00000000eeb7a298,0x00000000eeb80000)
  to   space 15360K, 0% used [0x00000000f3600000,0x00000000f3600000,0x00000000f4500000)
 ParOldGen       total 42496K, used 22324K [0x00000000c0000000, 0x00000000c2980000, 0x00000000eab00000)
  object space 42496K, 52% used [0x00000000c0000000,0x00000000c15cd3f8,0x00000000c2980000)
 Metaspace       used 6262K, capacity 7152K, committed 7296K, reserved 1056768K
  class space    used 603K, capacity 616K, committed 640K, reserved 1048576K

Card table byte_map: [0x0000000011c70000,0x0000000011e80000] byte_map_base: 0x0000000011670000

Marking Bits: (ParMarkBitMap*) 0x0000000061c3f600
 Begin Bits: [0x0000000012600000, 0x0000000013600000)
 End Bits:   [0x0000000013600000, 0x0000000014600000)

Polling page: 0x0000000000430000

CodeCache: size=245760Kb used=8642Kb max_used=8684Kb free=237117Kb
 bounds [0x00000000028b0000, 0x0000000003140000, 0x00000000118b0000]
 total_blobs=2089 nmethods=1820 adapters=182
 compilation: enabled

Compilation events (10 events):
Event: 43.573 Thread 0x00000000569e4800 nmethod 1873 0x00000000029c7a50 code [0x00000000029c7bc0, 0x00000000029c7d48]
Event: 43.573 Thread 0x00000000569e4800 1874       2       com.android.dx.cf.code.RopperMachine::hasRet (13 bytes)
Event: 43.573 Thread 0x00000000569e4800 nmethod 1874 0x00000000030e4810 code [0x00000000030e4960, 0x00000000030e4ad0]
Event: 43.573 Thread 0x00000000569e4800 1859       2       com.android.dx.cf.code.BaseMachine::localInfo (6 bytes)
Event: 43.573 Thread 0x00000000569e4800 nmethod 1859 0x00000000030e44d0 code [0x00000000030e4620, 0x00000000030e4770]
Event: 43.659 Thread 0x00000000551f7000 nmethod 1872 0x00000000031244d0 code [0x0000000003124780, 0x0000000003126c28]
Event: 43.660 Thread 0x00000000551f7000 1865   !   4       com.android.dx.cf.code.BytecodeArray::parseInstruction (2764 bytes)
Event: 43.737 Thread 0x00000000569e4800 1857       3       com.android.dx.dex.code.SimpleInsn::<init> (8 bytes)
Event: 43.737 Thread 0x00000000569e4800 nmethod 1857 0x00000000029d2310 code [0x00000000029d2480, 0x00000000029d2668]
Event: 43.737 Thread 0x00000000569e4800 1875   !   3       com.android.dx.cf.code.Ropper::processBlock (1101 bytes)

GC Heap History (10 events):
Event: 3.935 GC heap before
{Heap before GC invocations=1 (full 0):
 PSYoungGen      total 18432K, used 15872K [0x00000000eab00000, 0x00000000ebf80000, 0x0000000100000000)
  eden space 15872K, 100% used [0x00000000eab00000,0x00000000eba80000,0x00000000eba80000)
  from space 2560K, 0% used [0x00000000ebd00000,0x00000000ebd00000,0x00000000ebf80000)
  to   space 2560K, 0% used [0x00000000eba80000,0x00000000eba80000,0x00000000ebd00000)
 ParOldGen       total 42496K, used 0K [0x00000000c0000000, 0x00000000c2980000, 0x00000000eab00000)
  object space 42496K, 0% used [0x00000000c0000000,0x00000000c0000000,0x00000000c2980000)
 Metaspace       used 3395K, capacity 4720K, committed 4864K, reserved 1056768K
  class space    used 370K, capacity 424K, committed 512K, reserved 1048576K
Event: 3.978 GC heap after
Heap after GC invocations=1 (full 0):
 PSYoungGen      total 18432K, used 877K [0x00000000eab00000, 0x00000000ecf00000, 0x0000000100000000)
  eden space 15872K, 0% used [0x00000000eab00000,0x00000000eab00000,0x00000000eba80000)
  from space 2560K, 34% used [0x00000000eba80000,0x00000000ebb5b600,0x00000000ebd00000)
  to   space 2560K, 0% used [0x00000000ecc80000,0x00000000ecc80000,0x00000000ecf00000)
 ParOldGen       total 42496K, used 8K [0x00000000c0000000, 0x00000000c2980000, 0x00000000eab00000)
  object space 42496K, 0% used [0x00000000c0000000,0x00000000c0002000,0x00000000c2980000)
 Metaspace       used 3395K, capacity 4720K, committed 4864K, reserved 1056768K
  class space    used 370K, capacity 424K, committed 512K, reserved 1048576K
}
Event: 12.270 GC heap before
{Heap before GC invocations=2 (full 0):
 PSYoungGen      total 18432K, used 16749K [0x00000000eab00000, 0x00000000ecf00000, 0x0000000100000000)
  eden space 15872K, 100% used [0x00000000eab00000,0x00000000eba80000,0x00000000eba80000)
  from space 2560K, 34% used [0x00000000eba80000,0x00000000ebb5b600,0x00000000ebd00000)
  to   space 2560K, 0% used [0x00000000ecc80000,0x00000000ecc80000,0x00000000ecf00000)
 ParOldGen       total 42496K, used 8K [0x00000000c0000000, 0x00000000c2980000, 0x00000000eab00000)
  object space 42496K, 0% used [0x00000000c0000000,0x00000000c0002000,0x00000000c2980000)
 Metaspace       used 5867K, capacity 6768K, committed 7040K, reserved 1056768K
  class space    used 600K, capacity 616K, committed 640K, reserved 1048576K
Event: 12.915 GC heap after
Heap after GC invocations=2 (full 0):
 PSYoungGen      total 34304K, used 2542K [0x00000000eab00000, 0x00000000ecf00000, 0x0000000100000000)
  eden space 31744K, 0% used [0x00000000eab00000,0x00000000eab00000,0x00000000eca00000)
  from space 2560K, 99% used [0x00000000ecc80000,0x00000000ecefb860,0x00000000ecf00000)
  to   space 2560K, 0% used [0x00000000eca00000,0x00000000eca00000,0x00000000ecc80000)
 ParOldGen       total 42496K, used 2214K [0x00000000c0000000, 0x00000000c2980000, 0x00000000eab00000)
  object space 42496K, 5% used [0x00000000c0000000,0x00000000c0229948,0x00000000c2980000)
 Metaspace       used 5867K, capacity 6768K, committed 7040K, reserved 1056768K
  class space    used 600K, capacity 616K, committed 640K, reserved 1048576K
}
Event: 18.147 GC heap before
{Heap before GC invocations=3 (full 0):
 PSYoungGen      total 34304K, used 34286K [0x00000000eab00000, 0x00000000ecf00000, 0x0000000100000000)
  eden space 31744K, 100% used [0x00000000eab00000,0x00000000eca00000,0x00000000eca00000)
  from space 2560K, 99% used [0x00000000ecc80000,0x00000000ecefb860,0x00000000ecf00000)
  to   space 2560K, 0% used [0x00000000eca00000,0x00000000eca00000,0x00000000ecc80000)
 ParOldGen       total 42496K, used 2214K [0x00000000c0000000, 0x00000000c2980000, 0x00000000eab00000)
  object space 42496K, 5% used [0x00000000c0000000,0x00000000c0229948,0x00000000c2980000)
 Metaspace       used 6164K, capacity 7024K, committed 7296K, reserved 1056768K
  class space    used 602K, capacity 616K, committed 640K, reserved 1048576K
Event: 18.482 GC heap after
Heap after GC invocations=3 (full 0):
 PSYoungGen      total 34304K, used 2537K [0x00000000eab00000, 0x00000000eee00000, 0x0000000100000000)
  eden space 31744K, 0% used [0x00000000eab00000,0x00000000eab00000,0x00000000eca00000)
  from space 2560K, 99% used [0x00000000eca00000,0x00000000ecc7a648,0x00000000ecc80000)
  to   space 2560K, 0% used [0x00000000eeb80000,0x00000000eeb80000,0x00000000eee00000)
 ParOldGen       total 42496K, used 6952K [0x00000000c0000000, 0x00000000c2980000, 0x00000000eab00000)
  object space 42496K, 16% used [0x00000000c0000000,0x00000000c06ca3e8,0x00000000c2980000)
 Metaspace       used 6164K, capacity 7024K, committed 7296K, reserved 1056768K
  class space    used 602K, capacity 616K, committed 640K, reserved 1048576K
}
Event: 21.935 GC heap before
{Heap before GC invocations=4 (full 0):
 PSYoungGen      total 34304K, used 34281K [0x00000000eab00000, 0x00000000eee00000, 0x0000000100000000)
  eden space 31744K, 100% used [0x00000000eab00000,0x00000000eca00000,0x00000000eca00000)
  from space 2560K, 99% used [0x00000000eca00000,0x00000000ecc7a648,0x00000000ecc80000)
  to   space 2560K, 0% used [0x00000000eeb80000,0x00000000eeb80000,0x00000000eee00000)
 ParOldGen       total 42496K, used 6952K [0x00000000c0000000, 0x00000000c2980000, 0x00000000eab00000)
  object space 42496K, 16% used [0x00000000c0000000,0x00000000c06ca3e8,0x00000000c2980000)
 Metaspace       used 6210K, capacity 7088K, committed 7296K, reserved 1056768K
  class space    used 602K, capacity 616K, committed 640K, reserved 1048576K
Event: 22.335 GC heap after
Heap after GC invocations=4 (full 0):
 PSYoungGen      total 66048K, used 2544K [0x00000000eab00000, 0x00000000eee00000, 0x0000000100000000)
  eden space 63488K, 0% used [0x00000000eab00000,0x00000000eab00000,0x00000000ee900000)
  from space 2560K, 99% used [0x00000000eeb80000,0x00000000eedfc168,0x00000000eee00000)
  to   space 2560K, 0% used [0x00000000ee900000,0x00000000ee900000,0x00000000eeb80000)
 ParOldGen       total 42496K, used 11606K [0x00000000c0000000, 0x00000000c2980000, 0x00000000eab00000)
  object space 42496K, 27% used [0x00000000c0000000,0x00000000c0b55a38,0x00000000c2980000)
 Metaspace       used 6210K, capacity 7088K, committed 7296K, reserved 1056768K
  class space    used 602K, capacity 616K, committed 640K, reserved 1048576K
}
Event: 33.980 GC heap before
{Heap before GC invocations=5 (full 0):
 PSYoungGen      total 66048K, used 66032K [0x00000000eab00000, 0x00000000eee00000, 0x0000000100000000)
  eden space 63488K, 100% used [0x00000000eab00000,0x00000000ee900000,0x00000000ee900000)
  from space 2560K, 99% used [0x00000000eeb80000,0x00000000eedfc168,0x00000000eee00000)
  to   space 2560K, 0% used [0x00000000ee900000,0x00000000ee900000,0x00000000eeb80000)
 ParOldGen       total 42496K, used 11606K [0x00000000c0000000, 0x00000000c2980000, 0x00000000eab00000)
  object space 42496K, 27% used [0x00000000c0000000,0x00000000c0b55a38,0x00000000c2980000)
 Metaspace       used 6258K, capacity 7152K, committed 7296K, reserved 1056768K
  class space    used 603K, capacity 616K, committed 640K, reserved 1048576K
Event: 42.199 GC heap after
Heap after GC invocations=5 (full 0):
 PSYoungGen      total 66048K, used 2536K [0x00000000eab00000, 0x00000000f4500000, 0x0000000100000000)
  eden space 63488K, 0% used [0x00000000eab00000,0x00000000eab00000,0x00000000ee900000)
  from space 2560K, 99% used [0x00000000ee900000,0x00000000eeb7a298,0x00000000eeb80000)
  to   space 15360K, 0% used [0x00000000f3600000,0x00000000f3600000,0x00000000f4500000)
 ParOldGen       total 42496K, used 22324K [0x00000000c0000000, 0x00000000c2980000, 0x00000000eab00000)
  object space 42496K, 52% used [0x00000000c0000000,0x00000000c15cd3f8,0x00000000c2980000)
 Metaspace       used 6258K, capacity 7152K, committed 7296K, reserved 1056768K
  class space    used 603K, capacity 616K, committed 640K, reserved 1048576K
}

Deoptimization events (10 events):
Event: 27.137 Thread 0x00000000573d0000 Uncommon trap: reason=unstable_if action=reinterpret pc=0x0000000002dfef0c method=com.android.dx.ssa.SCCP.simulateBranch(Lcom/android/dx/ssa/SsaInsn;)V @ 64
Event: 27.137 Thread 0x00000000573d0000 Uncommon trap: reason=unstable_if action=reinterpret pc=0x0000000002dfb750 method=com.android.dx.ssa.LiteralOpUpgrader$1.visitNonMoveInsn(Lcom/android/dx/ssa/NormalSsaInsn;)V @ 55
Event: 30.136 Thread 0x00000000573d0000 Uncommon trap: reason=unstable_if action=reinterpret pc=0x0000000002cbee4c method=com.android.dx.ssa.SsaMethod.updateOneDefinition(Lcom/android/dx/ssa/SsaInsn;Lcom/android/dx/rop/code/RegisterSpec;)V @ 4
Event: 30.872 Thread 0x00000000573d0000 Uncommon trap: reason=unstable_if action=reinterpret pc=0x0000000003074d00 method=com.android.dx.cf.code.Simulator$SimVisitor.visitLocal(IIIILcom/android/dx/rop/type/Type;I)V @ 222
Event: 30.873 Thread 0x00000000573cb000 Uncommon trap: reason=unstable_if action=reinterpret pc=0x0000000003074d00 method=com.android.dx.cf.code.Simulator$SimVisitor.visitLocal(IIIILcom/android/dx/rop/type/Type;I)V @ 222
Event: 32.215 Thread 0x00000000573ca800 Uncommon trap: reason=bimorphic action=maybe_recompile pc=0x0000000003088914 method=com.android.dx.cf.code.BytecodeArray.parseInstruction(ILcom/android/dx/cf/code/BytecodeArray$Visitor;)I @ 1130
Event: 32.216 Thread 0x00000000573ca800 Uncommon trap: reason=bimorphic action=maybe_recompile pc=0x0000000003088914 method=com.android.dx.cf.code.BytecodeArray.parseInstruction(ILcom/android/dx/cf/code/BytecodeArray$Visitor;)I @ 1130
Event: 42.649 Thread 0x00000000573cb000 Uncommon trap: reason=unstable_if action=reinterpret pc=0x0000000002fed1dc method=com.android.dx.cf.code.Ropper.isSynchronized()Z @ 12
Event: 43.953 Thread 0x00000000573d0000 Uncommon trap: reason=bimorphic action=maybe_recompile pc=0x0000000002e08c1c method=com.android.dx.ssa.LiteralOpUpgrader.tryReplacingWithConstant(Lcom/android/dx/ssa/NormalSsaInsn;)Z @ 52
Event: 43.971 Thread 0x00000000573cb000 Uncommon trap: reason=bimorphic action=maybe_recompile pc=0x0000000002e08c1c method=com.android.dx.ssa.LiteralOpUpgrader.tryReplacingWithConstant(Lcom/android/dx/ssa/NormalSsaInsn;)Z @ 52

Internal exceptions (5 events):
Event: 1.407 Thread 0x000000000215f000 Exception <a 'java/lang/NoSuchMethodError': Method sun.misc.Unsafe.defineClass(Ljava/lang/String;[BII)Ljava/lang/Class; name or signature does not match> (0x00000000eab0d590) thrown at [C:\re\workspace\8-2-build-windows-amd64-cygwin\jdk8u71\5731\hotspot\sr˝íêdÅˆ?
Event: 1.407 Thread 0x000000000215f000 Exception <a 'java/lang/NoSuchMethodError': Method sun.misc.Unsafe.prefetchRead(Ljava/lang/Object;J)V name or signature does not match> (0x00000000eab0d878) thrown at [C:\re\workspace\8-2-build-windows-amd64-cygwin\jdk8u71\5731\hotspot\src\share\vm\prims\j≈ãsπâ	+@
Event: 13.519 Thread 0x00000000573ca800 Implicit null exception at 0x0000000002c59611 to 0x0000000002c59ead
Event: 30.872 Thread 0x00000000573d0000 Implicit null exception at 0x0000000003072556 to 0x0000000003074cd1
Event: 30.873 Thread 0x00000000573cb000 Implicit null exception at 0x0000000003072556 to 0x0000000003074cd1

Events (10 events):
Event: 43.769 Thread 0x000000000215f000 DEOPT PACKING pc=0x0000000002d5a6a9 sp=0x00000000025ddef0
Event: 43.769 Thread 0x000000000215f000 DEOPT UNPACKING pc=0x00000000028f787f sp=0x00000000025ddc80 mode 0
Event: 43.953 Thread 0x00000000573d0000 Uncommon trap: trap_request=0xffffffc6 fr.pc=0x0000000002e08c1c
Event: 43.953 Thread 0x00000000573d0000 DEOPT PACKING pc=0x0000000002e08c1c sp=0x000000005828eaf0
Event: 43.954 Thread 0x00000000573d0000 DEOPT UNPACKING pc=0x00000000028f582a sp=0x000000005828ea90 mode 2
Event: 43.957 Thread 0x00000000573cb000 DEOPT PACKING pc=0x0000000002c5f5c0 sp=0x000000005815e6c0
Event: 43.957 Thread 0x00000000573cb000 DEOPT UNPACKING pc=0x00000000028f787f sp=0x000000005815e4f0 mode 0
Event: 43.971 Thread 0x00000000573cb000 Uncommon trap: trap_request=0xffffffc6 fr.pc=0x0000000002e08c1c
Event: 43.971 Thread 0x00000000573cb000 DEOPT PACKING pc=0x0000000002e08c1c sp=0x000000005815e6d0
Event: 43.971 Thread 0x00000000573cb000 DEOPT UNPACKING pc=0x00000000028f582a sp=0x000000005815e670 mode 2


Dynamic libraries:
0x000000013ff20000 - 0x000000013ff57000 	C:\Program Files\Java\jdk1.8.0_71\bin\java.exe
0x00000000776d0000 - 0x000000007787a000 	C:\Windows\SYSTEM32\ntdll.dll
0x00000000775b0000 - 0x00000000776cf000 	C:\Windows\system32\kernel32.dll
0x000007fefd660000 - 0x000007fefd6ca000 	C:\Windows\system32\KERNELBASE.dll
0x000007fefde90000 - 0x000007fefdf6b000 	C:\Windows\system32\ADVAPI32.dll
0x000007feff6b0000 - 0x000007feff74f000 	C:\Windows\system32\msvcrt.dll
0x000007fefd870000 - 0x000007fefd88f000 	C:\Windows\SYSTEM32\sechost.dll
0x000007fefdab0000 - 0x000007fefdbdd000 	C:\Windows\system32\RPCRT4.dll
0x00000000774b0000 - 0x00000000775aa000 	C:\Windows\system32\USER32.dll
0x000007feff7b0000 - 0x000007feff817000 	C:\Windows\system32\GDI32.dll
0x000007fefdaa0000 - 0x000007fefdaae000 	C:\Windows\system32\LPK.dll
0x000007fefdbe0000 - 0x000007fefdcaa000 	C:\Windows\system32\USP10.dll
0x000007fefbe70000 - 0x000007fefc064000 	C:\Windows\WinSxS\amd64_microsoft.windows.common-controls_6595b64144ccf1df_6.0.7601.18837_none_fa3b1e3d17594757\COMCTL32.dll
0x000007feff840000 - 0x000007feff8b1000 	C:\Windows\system32\SHLWAPI.dll
0x000007feff9b0000 - 0x000007feff9de000 	C:\Windows\system32\IMM32.DLL
0x000007fefdf70000 - 0x000007fefe079000 	C:\Windows\system32\MSCTF.dll
0x0000000066c40000 - 0x0000000066d12000 	C:\Program Files\Java\jdk1.8.0_71\jre\bin\msvcr100.dll
0x0000000061430000 - 0x0000000061cbf000 	C:\Program Files\Java\jdk1.8.0_71\jre\bin\server\jvm.dll
0x000007fef0c40000 - 0x000007fef0c49000 	C:\Windows\system32\WSOCK32.dll
0x000007feff960000 - 0x000007feff9ad000 	C:\Windows\system32\WS2_32.dll
0x000007fefe350000 - 0x000007fefe358000 	C:\Windows\system32\NSI.dll
0x000007fef5d00000 - 0x000007fef5d3b000 	C:\Windows\system32\WINMM.dll
0x000007fefc500000 - 0x000007fefc50c000 	C:\Windows\system32\VERSION.dll
0x00000000778a0000 - 0x00000000778a7000 	C:\Windows\system32\PSAPI.DLL
0x000000006b8e0000 - 0x000000006b8ef000 	C:\Program Files\Java\jdk1.8.0_71\jre\bin\verify.dll
0x000000006b8b0000 - 0x000000006b8d9000 	C:\Program Files\Java\jdk1.8.0_71\jre\bin\java.dll
0x000000006b850000 - 0x000000006b866000 	C:\Program Files\Java\jdk1.8.0_71\jre\bin\zip.dll
0x000007fefe650000 - 0x000007feff3dc000 	C:\Windows\system32\SHELL32.dll
0x000007fefd890000 - 0x000007fefda93000 	C:\Windows\system32\ole32.dll
0x000007fefd420000 - 0x000007fefd42f000 	C:\Windows\system32\profapi.dll

VM Arguments:
jvm_args: -Djava.awt.headless=true -Xmx1024M -Dfile.encoding=windows-1252 -Duser.country=ES -Duser.language=es -Duser.variant 
java_command: com.android.dx.command.Main --dex --force-jumbo --num-threads=4 --multi-dex --output P:\AndroidStudioProjects\MaterialDesign\app\build\intermediates\transforms\dex\debug\folders\1000\10\com.android.support-support-v4-24.1.1_231bcbf82ebb930e7c0940192783b3af32c0cfcd P:\AndroidStudioProjects\MaterialDesign\app\build\intermediates\exploded-aar\com.android.support\support-v4\24.1.1\jars\classes.jar
java_class_path (initial): P:\AndroidSdk\build-tools\24.0.1\lib\dx.jar
Launcher Type: SUN_STANDARD

Environment Variables:
JAVA_HOME=C:\Program Files\Java\jdk1.8.0_71
CLASSPATH=.;C:\Program Files\Java\jdk1.8.0_71/lib;
PATH=C:\ProgramData\Oracle\Java\javapath;P:\ORACLE\app\oracle\product\11.2.0\server\bin;P:\oracle\software\bin;C:\Program Files\Java\jdk1.8.0_71/bin;C:\Program Files (x86)\Skype\Phone\;C:\Program Files\Java\jdk1.8.0_71\bin;c:\windows;c:\windows\system32;c:\windows\system32\wbem ;P:\cygwin64\bin\;P:\cygwin64\lib\;C:\Program Files (x86)\CodeBlocks\MinGW\bin\;C:\Program Files (x86)\CodeBlocks\MinGW\lib\;C:\Program Files\Git\cmd;C:\Program Files\Java\jdk1.8.0_71\bin;C:\Users\Juan Diego\AppData\Local\atom\bin
USERNAME=Juan Diego
OS=Windows_NT
PROCESSOR_IDENTIFIER=Intel64 Family 6 Model 42 Stepping 7, GenuineIntel



---------------  S Y S T E M  ---------------

OS: Windows 7 , 64 bit Build 7601 (6.1.7601.23418)

CPU:total 4 (2 cores per cpu, 2 threads per core) family 6 model 42 stepping 7, cmov, cx8, fxsr, mmx, sse, sse2, sse3, ssse3, sse4.1, sse4.2, popcnt, avx, clmul, ht, tsc, tscinvbit

Memory: 4k page, physical 3968552k(58776k free), swap 7115856k(121008k free)

vm_info: Java HotSpot(TM) 64-Bit Server VM (25.71-b15) for windows-amd64 JRE (1.8.0_71-b15), built on Dec 22 2015 18:15:55 by "java_re" with MS VC++ 10.0 (VS2010)

time: Tue Aug 09 20:25:21 2016
elapsed time: 47 seconds (0d 0h 0m 47s)

