#
# There is insufficient memory for the Java Runtime Environment to continue.
# Native memory allocation (malloc) failed to allocate 1850576 bytes for Chunk::new
# Possible reasons:
#   The system is out of physical RAM or swap space
#   In 32 bit mode, the process size limit was hit
# Possible solutions:
#   Reduce memory load on the system
#   Increase physical memory or swap space
#   Check if swap backing store is full
#   Use 64 bit Java on a 64 bit OS
#   Decrease Java heap size (-Xmx/-Xms)
#   Decrease number of Java threads
#   Decrease Java thread stack sizes (-Xss)
#   Set larger code cache with -XX:ReservedCodeCacheSize=
# This output file may be truncated or incomplete.
#
#  Out of Memory Error (allocation.cpp:390), pid=292, tid=5860
#
# JRE version: Java(TM) SE Runtime Environment (8.0_71-b15) (build 1.8.0_71-b15)
# Java VM: Java HotSpot(TM) 64-Bit Server VM (25.71-b15 mixed mode windows-amd64 compressed oops)
# Failed to write core dump. Minidumps are not enabled by default on client versions of Windows
#

---------------  T H R E A D  ---------------

Current thread (0x0000000054f36800):  JavaThread "C2 CompilerThread0" daemon [_thread_in_native, id=5860, stack(0x0000000056780000,0x0000000056880000)]

Stack: [0x0000000056780000,0x0000000056880000]
[error occurred during error reporting (printing stack bounds), id 0xc0000005]

Native frames: (J=compiled Java code, j=interpreted, Vv=VM code, C=native code)


Current CompileTask:
C2:  43504 2335   !   4       com.android.dx.cf.code.BytecodeArray::parseInstruction (2764 bytes)


---------------  P R O C E S S  ---------------

Java Threads: ( => current thread )
  0x0000000056dc9800 JavaThread "pool-2-thread-4" [_thread_blocked, id=5804, stack(0x0000000058250000,0x0000000058350000)]
  0x0000000056cb4800 JavaThread "pool-2-thread-3" [_thread_blocked, id=6104, stack(0x0000000057fc0000,0x00000000580c0000)]
  0x0000000056e08000 JavaThread "pool-2-thread-2" [_thread_blocked, id=4292, stack(0x0000000057eb0000,0x0000000057fb0000)]
  0x0000000056db2800 JavaThread "pool-3-thread-1" [_thread_blocked, id=4416, stack(0x0000000057ca0000,0x0000000057da0000)]
  0x0000000056dae000 JavaThread "pool-2-thread-1" [_thread_blocked, id=3368, stack(0x0000000056fd0000,0x00000000570d0000)]
  0x0000000056b9c000 JavaThread "Service Thread" daemon [_thread_blocked, id=3656, stack(0x00000000570e0000,0x00000000571e0000)]
  0x0000000054f3c000 JavaThread "C1 CompilerThread2" daemon [_thread_blocked, id=5784, stack(0x0000000056a30000,0x0000000056b30000)]
  0x0000000054f3b000 JavaThread "C2 CompilerThread1" daemon [_thread_in_native, id=1344, stack(0x0000000056900000,0x0000000056a00000)]
=>0x0000000054f36800 JavaThread "C2 CompilerThread0" daemon [_thread_in_native, id=5860, stack(0x0000000056780000,0x0000000056880000)]
  0x0000000054f33800 JavaThread "Attach Listener" daemon [_thread_blocked, id=1964, stack(0x0000000056440000,0x0000000056540000)]
  0x0000000054f31000 JavaThread "Signal Dispatcher" daemon [_thread_blocked, id=3532, stack(0x0000000056580000,0x0000000056680000)]
  0x0000000054ed7000 JavaThread "Finalizer" daemon [_thread_blocked, id=2196, stack(0x0000000056290000,0x0000000056390000)]
  0x0000000054ed0000 JavaThread "Reference Handler" daemon [_thread_blocked, id=2344, stack(0x0000000055f60000,0x0000000056060000)]
  0x00000000021df000 JavaThread "main" [_thread_in_native, id=4344, stack(0x0000000002300000,0x0000000002400000)]

Other Threads:
  0x0000000054eca800 VMThread [stack: 0x00000000560b0000,0x00000000561b0000] [id=5920]
  0x0000000056ba5800 WatcherThread [stack: 0x00000000572f0000,0x00000000573f0000] [id=5588]

VM state:at safepoint (normal execution)

VM Mutex/Monitor currently owned by a thread:  ([mutex/lock_event])
[0x00000000021dd5c0] Threads_lock - owner thread: 0x0000000054eca800
[0x00000000021ddac0] Heap_lock - owner thread: 0x0000000056cb4800

Heap:
 PSYoungGen      total 72192K, used 9697K [0x00000000eab00000, 0x00000000efc00000, 0x0000000100000000)
  eden space 62464K, 0% used [0x00000000eab00000,0x00000000eab00000,0x00000000ee800000)
  from space 9728K, 99% used [0x00000000ee800000,0x00000000ef1786c8,0x00000000ef180000)
  to   space 8704K, 0% used [0x00000000ef180000,0x00000000ef180000,0x00000000efa00000)
 ParOldGen       total 42496K, used 39380K [0x00000000c0000000, 0x00000000c2980000, 0x00000000eab00000)
  object space 42496K, 92% used [0x00000000c0000000,0x00000000c2675298,0x00000000c2980000)
 Metaspace       used 6512K, capacity 7256K, committed 7424K, reserved 1056768K
  class space    used 624K, capacity 656K, committed 768K, reserved 1048576K

Card table byte_map: [0x0000000011a90000,0x0000000011ca0000] byte_map_base: 0x0000000011490000

Marking Bits: (ParMarkBitMap*) 0x0000000061c3f600
 Begin Bits: [0x0000000012340000, 0x0000000013340000)
 End Bits:   [0x0000000013340000, 0x0000000014340000)

Polling page: 0x0000000000230000

CodeCache: size=245760Kb used=11707Kb max_used=11707Kb free=234052Kb
 bounds [0x00000000026d0000, 0x0000000003250000, 0x00000000116d0000]
 total_blobs=2505 nmethods=2235 adapters=182
 compilation: enabled

Compilation events (10 events):
Event: 43.088 Thread 0x0000000054f3c000 2345       3       com.android.dx.ssa.MoveParamCombiner::getParamIndex (24 bytes)
Event: 43.088 Thread 0x0000000054f3c000 nmethod 2345 0x0000000003201450 code [0x00000000032015c0, 0x0000000003201b70]
Event: 43.201 Thread 0x0000000054f3c000 2350       3       java.util.HashMap$TreeNode::find (172 bytes)
Event: 43.202 Thread 0x0000000054f3c000 nmethod 2350 0x0000000003226550 code [0x0000000003226740, 0x0000000003227238]
Event: 43.208 Thread 0x0000000054f3c000 2353       1       com.android.dx.ssa.LiteralOpUpgrader$1::visitPhiInsn (1 bytes)
Event: 43.208 Thread 0x0000000054f3c000 nmethod 2353 0x0000000003201150 code [0x00000000032012a0, 0x00000000032013b0]
Event: 43.217 Thread 0x0000000054f3c000 2356       3       java.util.concurrent.FutureTask::awaitDone (171 bytes)
Event: 43.218 Thread 0x0000000054f3c000 nmethod 2356 0x0000000003208490 code [0x00000000032086e0, 0x0000000003209568]
Event: 43.224 Thread 0x0000000054f3c000 2359       2       com.android.dx.cf.code.Simulator::requiredArrayTypeFor (74 bytes)
Event: 43.225 Thread 0x0000000054f3c000 nmethod 2359 0x0000000003247950 code [0x0000000003247b00, 0x0000000003247e18]

GC Heap History (10 events):
Event: 21.886 GC heap after
Heap after GC invocations=5 (full 0):
 PSYoungGen      total 34304K, used 2536K [0x00000000eab00000, 0x00000000efa00000, 0x0000000100000000)
  eden space 31744K, 0% used [0x00000000eab00000,0x00000000eab00000,0x00000000eca00000)
  from space 2560K, 99% used [0x00000000eca00000,0x00000000ecc7a298,0x00000000ecc80000)
  to   space 8704K, 0% used [0x00000000ef180000,0x00000000ef180000,0x00000000efa00000)
 ParOldGen       total 42496K, used 10866K [0x00000000c0000000, 0x00000000c2980000, 0x00000000eab00000)
  object space 42496K, 25% used [0x00000000c0000000,0x00000000c0a9c988,0x00000000c2980000)
 Metaspace       used 6186K, capacity 7088K, committed 7296K, reserved 1056768K
  class space    used 602K, capacity 616K, committed 640K, reserved 1048576K
}
Event: 27.370 GC heap before
{Heap before GC invocations=6 (full 0):
 PSYoungGen      total 34304K, used 34280K [0x00000000eab00000, 0x00000000efa00000, 0x0000000100000000)
  eden space 31744K, 100% used [0x00000000eab00000,0x00000000eca00000,0x00000000eca00000)
  from space 2560K, 99% used [0x00000000eca00000,0x00000000ecc7a298,0x00000000ecc80000)
  to   space 8704K, 0% used [0x00000000ef180000,0x00000000ef180000,0x00000000efa00000)
 ParOldGen       total 42496K, used 10866K [0x00000000c0000000, 0x00000000c2980000, 0x00000000eab00000)
  object space 42496K, 25% used [0x00000000c0000000,0x00000000c0a9c988,0x00000000c2980000)
 Metaspace       used 6228K, capacity 7088K, committed 7296K, reserved 1056768K
  class space    used 603K, capacity 616K, committed 640K, reserved 1048576K
Event: 28.769 GC heap after
Heap after GC invocations=6 (full 0):
 PSYoungGen      total 71168K, used 7496K [0x00000000eab00000, 0x00000000efc00000, 0x0000000100000000)
  eden space 62464K, 0% used [0x00000000eab00000,0x00000000eab00000,0x00000000ee800000)
  from space 8704K, 86% used [0x00000000ef180000,0x00000000ef8d22a8,0x00000000efa00000)
  to   space 9728K, 0% used [0x00000000ee800000,0x00000000ee800000,0x00000000ef180000)
 ParOldGen       total 42496K, used 10866K [0x00000000c0000000, 0x00000000c2980000, 0x00000000eab00000)
  object space 42496K, 25% used [0x00000000c0000000,0x00000000c0a9c988,0x00000000c2980000)
 Metaspace       used 6228K, capacity 7088K, committed 7296K, reserved 1056768K
  class space    used 603K, capacity 616K, committed 640K, reserved 1048576K
}
Event: 36.299 GC heap before
{Heap before GC invocations=7 (full 0):
 PSYoungGen      total 71168K, used 69960K [0x00000000eab00000, 0x00000000efc00000, 0x0000000100000000)
  eden space 62464K, 100% used [0x00000000eab00000,0x00000000ee800000,0x00000000ee800000)
  from space 8704K, 86% used [0x00000000ef180000,0x00000000ef8d22a8,0x00000000efa00000)
  to   space 9728K, 0% used [0x00000000ee800000,0x00000000ee800000,0x00000000ef180000)
 ParOldGen       total 42496K, used 10866K [0x00000000c0000000, 0x00000000c2980000, 0x00000000eab00000)
  object space 42496K, 25% used [0x00000000c0000000,0x00000000c0a9c988,0x00000000c2980000)
 Metaspace       used 6320K, capacity 7152K, committed 7296K, reserved 1056768K
  class space    used 603K, capacity 616K, committed 640K, reserved 1048576K
Event: 36.409 GC heap after
Heap after GC invocations=7 (full 0):
 PSYoungGen      total 72192K, used 9717K [0x00000000eab00000, 0x00000000efc00000, 0x0000000100000000)
  eden space 62464K, 0% used [0x00000000eab00000,0x00000000eab00000,0x00000000ee800000)
  from space 9728K, 99% used [0x00000000ee800000,0x00000000ef17d4e8,0x00000000ef180000)
  to   space 8704K, 0% used [0x00000000ef180000,0x00000000ef180000,0x00000000efa00000)
 ParOldGen       total 42496K, used 18618K [0x00000000c0000000, 0x00000000c2980000, 0x00000000eab00000)
  object space 42496K, 43% used [0x00000000c0000000,0x00000000c122eac0,0x00000000c2980000)
 Metaspace       used 6320K, capacity 7152K, committed 7296K, reserved 1056768K
  class space    used 603K, capacity 616K, committed 640K, reserved 1048576K
}
Event: 40.235 GC heap before
{Heap before GC invocations=8 (full 0):
 PSYoungGen      total 72192K, used 72181K [0x00000000eab00000, 0x00000000efc00000, 0x0000000100000000)
  eden space 62464K, 100% used [0x00000000eab00000,0x00000000ee800000,0x00000000ee800000)
  from space 9728K, 99% used [0x00000000ee800000,0x00000000ef17d4e8,0x00000000ef180000)
  to   space 8704K, 0% used [0x00000000ef180000,0x00000000ef180000,0x00000000efa00000)
 ParOldGen       total 42496K, used 18618K [0x00000000c0000000, 0x00000000c2980000, 0x00000000eab00000)
  object space 42496K, 43% used [0x00000000c0000000,0x00000000c122eac0,0x00000000c2980000)
 Metaspace       used 6366K, capacity 7152K, committed 7296K, reserved 1056768K
  class space    used 603K, capacity 616K, committed 640K, reserved 1048576K
Event: 40.311 GC heap after
Heap after GC invocations=8 (full 0):
 PSYoungGen      total 71168K, used 8695K [0x00000000eab00000, 0x00000000efc00000, 0x0000000100000000)
  eden space 62464K, 0% used [0x00000000eab00000,0x00000000eab00000,0x00000000ee800000)
  from space 8704K, 99% used [0x00000000ef180000,0x00000000ef9fdcf8,0x00000000efa00000)
  to   space 9728K, 0% used [0x00000000ee800000,0x00000000ee800000,0x00000000ef180000)
 ParOldGen       total 42496K, used 30130K [0x00000000c0000000, 0x00000000c2980000, 0x00000000eab00000)
  object space 42496K, 70% used [0x00000000c0000000,0x00000000c1d6cb10,0x00000000c2980000)
 Metaspace       used 6366K, capacity 7152K, committed 7296K, reserved 1056768K
  class space    used 603K, capacity 616K, committed 640K, reserved 1048576K
}
Event: 43.230 GC heap before
{Heap before GC invocations=9 (full 0):
 PSYoungGen      total 71168K, used 71159K [0x00000000eab00000, 0x00000000efc00000, 0x0000000100000000)
  eden space 62464K, 100% used [0x00000000eab00000,0x00000000ee800000,0x00000000ee800000)
  from space 8704K, 99% used [0x00000000ef180000,0x00000000ef9fdcf8,0x00000000efa00000)
  to   space 9728K, 0% used [0x00000000ee800000,0x00000000ee800000,0x00000000ef180000)
 ParOldGen       total 42496K, used 30130K [0x00000000c0000000, 0x00000000c2980000, 0x00000000eab00000)
  object space 42496K, 70% used [0x00000000c0000000,0x00000000c1d6cb10,0x00000000c2980000)
 Metaspace       used 6512K, capacity 7256K, committed 7424K, reserved 1056768K
  class space    used 624K, capacity 656K, committed 768K, reserved 1048576K
Event: 43.277 GC heap after
Heap after GC invocations=9 (full 0):
 PSYoungGen      total 72192K, used 9697K [0x00000000eab00000, 0x00000000efc00000, 0x0000000100000000)
  eden space 62464K, 0% used [0x00000000eab00000,0x00000000eab00000,0x00000000ee800000)
  from space 9728K, 99% used [0x00000000ee800000,0x00000000ef1786c8,0x00000000ef180000)
  to   space 8704K, 0% used [0x00000000ef180000,0x00000000ef180000,0x00000000efa00000)
 ParOldGen       total 42496K, used 39380K [0x00000000c0000000, 0x00000000c2980000, 0x00000000eab00000)
  object space 42496K, 92% used [0x00000000c0000000,0x00000000c2675298,0x00000000c2980000)
 Metaspace       used 6512K, capacity 7256K, committed 7424K, reserved 1056768K
  class space    used 624K, capacity 656K, committed 768K, reserved 1048576K
}
Event: 43.277 GC heap before
{Heap before GC invocations=10 (full 1):
 PSYoungGen      total 72192K, used 9697K [0x00000000eab00000, 0x00000000efc00000, 0x0000000100000000)
  eden space 62464K, 0% used [0x00000000eab00000,0x00000000eab00000,0x00000000ee800000)
  from space 9728K, 99% used [0x00000000ee800000,0x00000000ef1786c8,0x00000000ef180000)
  to   space 8704K, 0% used [0x00000000ef180000,0x00000000ef180000,0x00000000efa00000)
 ParOldGen       total 42496K, used 39380K [0x00000000c0000000, 0x00000000c2980000, 0x00000000eab00000)
  object space 42496K, 92% used [0x00000000c0000000,0x00000000c2675298,0x00000000c2980000)
 Metaspace       used 6512K, capacity 7256K, committed 7424K, reserved 1056768K
  class space    used 624K, capacity 656K, committed 768K, reserved 1048576K

Deoptimization events (10 events):
Event: 41.706 Thread 0x0000000056dc9800 Uncommon trap: reason=bimorphic action=maybe_recompile pc=0x00000000030bee1c method=com.android.dx.cf.code.BytecodeArray.parseInstruction(ILcom/android/dx/cf/code/BytecodeArray$Visitor;)I @ 1161
Event: 41.720 Thread 0x0000000056dc9800 Uncommon trap: reason=unstable_if action=reinterpret pc=0x00000000031fdff8 method=java.util.HashMap.putVal(ILjava/lang/Object;Ljava/lang/Object;ZZ)Ljava/lang/Object; @ 109
Event: 42.779 Thread 0x0000000056e08000 Uncommon trap: reason=bimorphic action=maybe_recompile pc=0x00000000032330cc method=com.android.dx.cf.code.BytecodeArray.parseInstruction(ILcom/android/dx/cf/code/BytecodeArray$Visitor;)I @ 1357
Event: 42.779 Thread 0x0000000056e08000 Uncommon trap: reason=bimorphic action=maybe_recompile pc=0x00000000032330cc method=com.android.dx.cf.code.BytecodeArray.parseInstruction(ILcom/android/dx/cf/code/BytecodeArray$Visitor;)I @ 1357
Event: 42.780 Thread 0x0000000056e08000 Uncommon trap: reason=unstable_if action=reinterpret pc=0x00000000030193e0 method=com.android.dx.ssa.Dominators.run()V @ 346
Event: 43.084 Thread 0x0000000056dae000 Uncommon trap: reason=unstable_if action=reinterpret pc=0x0000000002c80c70 method=com.android.dx.ssa.MoveParamCombiner$1.visitNonMoveInsn(Lcom/android/dx/ssa/NormalSsaInsn;)V @ 27
Event: 43.086 Thread 0x0000000056dae000 Uncommon trap: reason=class_check action=maybe_recompile pc=0x00000000031b049c method=com.android.dx.cf.code.Ropper.processBlock(Lcom/android/dx/cf/code/ByteBlock;Lcom/android/dx/cf/code/Frame;[I)V @ 711
Event: 43.087 Thread 0x0000000056dae000 Uncommon trap: reason=class_check action=maybe_recompile pc=0x00000000031b049c method=com.android.dx.cf.code.Ropper.processBlock(Lcom/android/dx/cf/code/ByteBlock;Lcom/android/dx/cf/code/Frame;[I)V @ 711
Event: 43.087 Thread 0x0000000056dae000 Uncommon trap: reason=class_check action=maybe_recompile pc=0x00000000031b049c method=com.android.dx.cf.code.Ropper.processBlock(Lcom/android/dx/cf/code/ByteBlock;Lcom/android/dx/cf/code/Frame;[I)V @ 711
Event: 43.087 Thread 0x0000000056dae000 Uncommon trap: reason=class_check action=maybe_recompile pc=0x00000000031b049c method=com.android.dx.cf.code.Ropper.processBlock(Lcom/android/dx/cf/code/ByteBlock;Lcom/android/dx/cf/code/Frame;[I)V @ 711

Internal exceptions (9 events):
Event: 1.611 Thread 0x00000000021df000 Exception <a 'java/lang/NoSuchMethodError': Method sun.misc.Unsafe.defineClass(Ljava/lang/String;[BII)Ljava/lang/Class; name or signature does not match> (0x00000000eab0d590) thrown at [C:\re\workspace\8-2-build-windows-amd64-cygwin\jdk8u71\5731\hotspot\srèw 5P«˘?
Event: 1.611 Thread 0x00000000021df000 Exception <a 'java/lang/NoSuchMethodError': Method sun.misc.Unsafe.prefetchRead(Ljava/lang/Object;J)V name or signature does not match> (0x00000000eab0d878) thrown at [C:\re\workspace\8-2-build-windows-amd64-cygwin\jdk8u71\5731\hotspot\src\share\vm\prims\j‚ç†j(›0@
Event: 16.864 Thread 0x0000000056cb4800 Implicit null exception at 0x00000000029dee12 to 0x00000000029def11
Event: 16.935 Thread 0x0000000056dae000 Implicit null exception at 0x00000000029d2eee to 0x00000000029d4f1d
Event: 24.595 Thread 0x0000000056e08000 Implicit null exception at 0x0000000002e98fd8 to 0x0000000002e9d949
Event: 40.171 Thread 0x0000000056dae000 Implicit null exception at 0x0000000002c28bcc to 0x0000000002c29e69
Event: 40.416 Thread 0x0000000056dae000 Exception <a 'java/lang/ArrayIndexOutOfBoundsException': 18> (0x00000000ec3fe7e8) thrown at [C:\re\workspace\8-2-build-windows-amd64-cygwin\jdk8u71\5731\hotspot\src\share\vm\interpreter\interpreterRuntime.cpp, line 366]
Event: 40.417 Thread 0x0000000056dae000 Exception <a 'java/lang/ArrayIndexOutOfBoundsException': 145> (0x00000000ec400368) thrown at [C:\re\workspace\8-2-build-windows-amd64-cygwin\jdk8u71\5731\hotspot\src\share\vm\interpreter\interpreterRuntime.cpp, line 366]
Event: 40.418 Thread 0x0000000056dae000 Exception <a 'java/lang/ArrayIndexOutOfBoundsException'> (0x00000000ec401650) thrown at [C:\re\workspace\8-2-build-windows-amd64-cygwin\jdk8u71\5731\hotspot\src\share\vm\runtime\sharedRuntime.cpp, line 605]

Events (10 events):
Event: 43.087 Thread 0x0000000056dae000 Uncommon trap: trap_request=0xffffffde fr.pc=0x00000000031b049c
Event: 43.087 Thread 0x0000000056dae000 DEOPT PACKING pc=0x00000000031b049c sp=0x00000000570ce6c0
Event: 43.087 Thread 0x0000000056dae000 DEOPT UNPACKING pc=0x000000000271582a sp=0x00000000570ce680 mode 2
Event: 43.087 Thread 0x0000000056dae000 Uncommon trap: trap_request=0xffffffde fr.pc=0x00000000031b049c
Event: 43.087 Thread 0x0000000056dae000 DEOPT PACKING pc=0x00000000031b049c sp=0x00000000570ce6c0
Event: 43.087 Thread 0x0000000056dae000 DEOPT UNPACKING pc=0x000000000271582a sp=0x00000000570ce680 mode 2
Event: 43.087 Thread 0x0000000056dae000 Uncommon trap: trap_request=0xffffffde fr.pc=0x00000000031b049c
Event: 43.087 Thread 0x0000000056dae000 DEOPT PACKING pc=0x00000000031b049c sp=0x00000000570ce6c0
Event: 43.087 Thread 0x0000000056dae000 DEOPT UNPACKING pc=0x000000000271582a sp=0x00000000570ce680 mode 2
Event: 43.230 Executing VM operation: ParallelGCFailedAllocation


Dynamic libraries:
0x000000013ff20000 - 0x000000013ff57000 	C:\Program Files\Java\jdk1.8.0_71\bin\java.exe
0x00000000776d0000 - 0x000000007787a000 	C:\Windows\SYSTEM32\ntdll.dll
0x00000000775b0000 - 0x00000000776cf000 	C:\Windows\system32\kernel32.dll
0x000007fefd660000 - 0x000007fefd6ca000 	C:\Windows\system32\KERNELBASE.dll
0x000007fefde90000 - 0x000007fefdf6b000 	C:\Windows\system32\ADVAPI32.dll
0x000007feff6b0000 - 0x000007feff74f000 	C:\Windows\system32\msvcrt.dll
0x000007fefd870000 - 0x000007fefd88f000 	C:\Windows\SYSTEM32\sechost.dll
0x000007fefdab0000 - 0x000007fefdbdd000 	C:\Windows\system32\RPCRT4.dll
0x00000000774b0000 - 0x00000000775aa000 	C:\Windows\system32\USER32.dll
0x000007feff7b0000 - 0x000007feff817000 	C:\Windows\system32\GDI32.dll
0x000007fefdaa0000 - 0x000007fefdaae000 	C:\Windows\system32\LPK.dll
0x000007fefdbe0000 - 0x000007fefdcaa000 	C:\Windows\system32\USP10.dll
0x000007fefbe70000 - 0x000007fefc064000 	C:\Windows\WinSxS\amd64_microsoft.windows.common-controls_6595b64144ccf1df_6.0.7601.18837_none_fa3b1e3d17594757\COMCTL32.dll
0x000007feff840000 - 0x000007feff8b1000 	C:\Windows\system32\SHLWAPI.dll
0x000007feff9b0000 - 0x000007feff9de000 	C:\Windows\system32\IMM32.DLL
0x000007fefdf70000 - 0x000007fefe079000 	C:\Windows\system32\MSCTF.dll
0x0000000066c40000 - 0x0000000066d12000 	C:\Program Files\Java\jdk1.8.0_71\jre\bin\msvcr100.dll
0x0000000061430000 - 0x0000000061cbf000 	C:\Program Files\Java\jdk1.8.0_71\jre\bin\server\jvm.dll
0x000007fef0c40000 - 0x000007fef0c49000 	C:\Windows\system32\WSOCK32.dll
0x000007feff960000 - 0x000007feff9ad000 	C:\Windows\system32\WS2_32.dll
0x000007fefe350000 - 0x000007fefe358000 	C:\Windows\system32\NSI.dll
0x000007fef5d00000 - 0x000007fef5d3b000 	C:\Windows\system32\WINMM.dll
0x000007fefc500000 - 0x000007fefc50c000 	C:\Windows\system32\VERSION.dll
0x00000000778a0000 - 0x00000000778a7000 	C:\Windows\system32\PSAPI.DLL
0x000000006b8e0000 - 0x000000006b8ef000 	C:\Program Files\Java\jdk1.8.0_71\jre\bin\verify.dll
0x000000006b8b0000 - 0x000000006b8d9000 	C:\Program Files\Java\jdk1.8.0_71\jre\bin\java.dll
0x000000006b850000 - 0x000000006b866000 	C:\Program Files\Java\jdk1.8.0_71\jre\bin\zip.dll
0x000007fefe650000 - 0x000007feff3dc000 	C:\Windows\system32\SHELL32.dll
0x000007fefd890000 - 0x000007fefda93000 	C:\Windows\system32\ole32.dll
0x000007fefd420000 - 0x000007fefd42f000 	C:\Windows\system32\profapi.dll

VM Arguments:
jvm_args: -Djava.awt.headless=true -Xmx1024M -Dfile.encoding=windows-1252 -Duser.country=ES -Duser.language=es -Duser.variant 
java_command: com.android.dx.command.Main --dex --force-jumbo --num-threads=4 --multi-dex --output P:\AndroidStudioProjects\MaterialDesign\app\build\intermediates\transforms\dex\debug\folders\1000\10\com.android.support-support-v4-24.1.1_231bcbf82ebb930e7c0940192783b3af32c0cfcd P:\AndroidStudioProjects\MaterialDesign\app\build\intermediates\exploded-aar\com.android.support\support-v4\24.1.1\jars\classes.jar
java_class_path (initial): P:\AndroidSdk\build-tools\24.0.1\lib\dx.jar
Launcher Type: SUN_STANDARD

Environment Variables:
JAVA_HOME=C:\Program Files\Java\jdk1.8.0_71
CLASSPATH=.;C:\Program Files\Java\jdk1.8.0_71/lib;
PATH=C:\ProgramData\Oracle\Java\javapath;P:\ORACLE\app\oracle\product\11.2.0\server\bin;P:\oracle\software\bin;C:\Program Files\Java\jdk1.8.0_71/bin;C:\Program Files (x86)\Skype\Phone\;C:\Program Files\Java\jdk1.8.0_71\bin;c:\windows;c:\windows\system32;c:\windows\system32\wbem ;P:\cygwin64\bin\;P:\cygwin64\lib\;C:\Program Files (x86)\CodeBlocks\MinGW\bin\;C:\Program Files (x86)\CodeBlocks\MinGW\lib\;C:\Program Files\Git\cmd;C:\Program Files\Java\jdk1.8.0_71\bin;C:\Users\Juan Diego\AppData\Local\atom\bin
USERNAME=Juan Diego
OS=Windows_NT
PROCESSOR_IDENTIFIER=Intel64 Family 6 Model 42 Stepping 7, GenuineIntel



---------------  S Y S T E M  ---------------

OS: Windows 7 , 64 bit Build 7601 (6.1.7601.23418)

CPU:total 4 (2 cores per cpu, 2 threads per core) family 6 model 42 stepping 7, cmov, cx8, fxsr, mmx, sse, sse2, sse3, ssse3, sse4.1, sse4.2, popcnt, avx, clmul, ht, tsc, tscinvbit

Memory: 4k page, physical 3968552k(36456k free), swap 7115856k(4320k free)

vm_info: Java HotSpot(TM) 64-Bit Server VM (25.71-b15) for windows-amd64 JRE (1.8.0_71-b15), built on Dec 22 2015 18:15:55 by "java_re" with MS VC++ 10.0 (VS2010)

time: Tue Aug 09 20:31:18 2016
elapsed time: 44 seconds (0d 0h 0m 44s)

