#
# There is insufficient memory for the Java Runtime Environment to continue.
# Native memory allocation (malloc) failed to allocate 221776 bytes for Chunk::new
# Possible reasons:
#   The system is out of physical RAM or swap space
#   In 32 bit mode, the process size limit was hit
# Possible solutions:
#   Reduce memory load on the system
#   Increase physical memory or swap space
#   Check if swap backing store is full
#   Use 64 bit Java on a 64 bit OS
#   Decrease Java heap size (-Xmx/-Xms)
#   Decrease number of Java threads
#   Decrease Java thread stack sizes (-Xss)
#   Set larger code cache with -XX:ReservedCodeCacheSize=
# This output file may be truncated or incomplete.
#
#  Out of Memory Error (allocation.cpp:390), pid=3260, tid=2260
#
# JRE version: Java(TM) SE Runtime Environment (8.0_71-b15) (build 1.8.0_71-b15)
# Java VM: Java HotSpot(TM) 64-Bit Server VM (25.71-b15 mixed mode windows-amd64 compressed oops)
# Failed to write core dump. Minidumps are not enabled by default on client versions of Windows
#

---------------  T H R E A D  ---------------

Current thread (0x000000005523e800):  JavaThread "C2 CompilerThread1" daemon [_thread_in_native, id=2260, stack(0x0000000056c20000,0x0000000056d20000)]

Stack: [0x0000000056c20000,0x0000000056d20000]
[error occurred during error reporting (printing stack bounds), id 0xc0000005]

Native frames: (J=compiled Java code, j=interpreted, Vv=VM code, C=native code)


Current CompileTask:
C2:  34299 1827   !   4       com.android.dx.cf.code.RopperMachine::run (1550 bytes)


---------------  P R O C E S S  ---------------

Java Threads: ( => current thread )
  0x000000005700c800 JavaThread "pool-2-thread-4" [_thread_blocked, id=4304, stack(0x0000000057ed0000,0x0000000057fd0000)]
  0x0000000057002800 JavaThread "pool-2-thread-3" [_thread_blocked, id=4020, stack(0x00000000581b0000,0x00000000582b0000)]
  0x0000000057001800 JavaThread "pool-2-thread-2" [_thread_blocked, id=6108, stack(0x0000000058080000,0x0000000058180000)]
  0x0000000056fcc000 JavaThread "pool-3-thread-1" [_thread_blocked, id=5876, stack(0x00000000572d0000,0x00000000573d0000)]
  0x0000000056fd1800 JavaThread "pool-2-thread-1" [_thread_blocked, id=4704, stack(0x0000000057dd0000,0x0000000057ed0000)]
  0x0000000056da3000 JavaThread "Service Thread" daemon [_thread_blocked, id=5344, stack(0x0000000056730000,0x0000000056830000)]
  0x0000000056d20800 JavaThread "C1 CompilerThread2" daemon [_thread_blocked, id=5260, stack(0x00000000571a0000,0x00000000572a0000)]
=>0x000000005523e800 JavaThread "C2 CompilerThread1" daemon [_thread_in_native, id=2260, stack(0x0000000056c20000,0x0000000056d20000)]
  0x0000000055237000 JavaThread "C2 CompilerThread0" daemon [_thread_blocked, id=3568, stack(0x0000000056a10000,0x0000000056b10000)]
  0x0000000055233800 JavaThread "Attach Listener" daemon [_thread_blocked, id=4884, stack(0x0000000056840000,0x0000000056940000)]
  0x0000000055231000 JavaThread "Signal Dispatcher" daemon [_thread_blocked, id=4976, stack(0x00000000564d0000,0x00000000565d0000)]
  0x00000000551d7000 JavaThread "Finalizer" daemon [_thread_blocked, id=4424, stack(0x0000000056600000,0x0000000056700000)]
  0x00000000551d0000 JavaThread "Reference Handler" daemon [_thread_blocked, id=3592, stack(0x00000000561e0000,0x00000000562e0000)]
  0x00000000022df000 JavaThread "main" [_thread_in_native, id=2712, stack(0x0000000002580000,0x0000000002680000)]

Other Threads:
  0x00000000551ca800 VMThread [stack: 0x0000000056310000,0x0000000056410000] [id=5136]
  0x0000000056db3800 WatcherThread [stack: 0x0000000057440000,0x0000000057540000] [id=3084]

VM state:at safepoint (normal execution)

VM Mutex/Monitor currently owned by a thread:  ([mutex/lock_event])
[0x00000000022dd540] Safepoint_lock - owner thread: 0x00000000551ca800
[0x00000000022dd5c0] Threads_lock - owner thread: 0x00000000551ca800
[0x00000000022ddac0] Heap_lock - owner thread: 0x000000005700c800

Heap:
 PSYoungGen      total 34304K, used 34272K [0x00000000eab00000, 0x00000000eee00000, 0x0000000100000000)
  eden space 31744K, 100% used [0x00000000eab00000,0x00000000eca00000,0x00000000eca00000)
  from space 2560K, 98% used [0x00000000eca00000,0x00000000ecc78048,0x00000000ecc80000)
  to   space 2560K, 0% used [0x00000000eeb80000,0x00000000eeb80000,0x00000000eee00000)
 ParOldGen       total 42496K, used 6683K [0x00000000c0000000, 0x00000000c2980000, 0x00000000eab00000)
  object space 42496K, 15% used [0x00000000c0000000,0x00000000c0686fc0,0x00000000c2980000)
 Metaspace       used 6286K, capacity 7088K, committed 7296K, reserved 1056768K
  class space    used 602K, capacity 616K, committed 640K, reserved 1048576K

Card table byte_map: [0x0000000011d10000,0x0000000011f20000] byte_map_base: 0x0000000011710000

Marking Bits: (ParMarkBitMap*) 0x0000000061c3f600
 Begin Bits: [0x0000000012640000, 0x0000000013640000)
 End Bits:   [0x0000000013640000, 0x0000000014640000)

Polling page: 0x0000000000140000

CodeCache: size=245760Kb used=7759Kb max_used=7771Kb free=238000Kb
 bounds [0x0000000002950000, 0x00000000030f0000, 0x0000000011950000]
 total_blobs=2110 nmethods=1838 adapters=182
 compilation: disabled (not enough contiguous free space left)

Compilation events (10 events):
Event: 32.828 Thread 0x0000000056d20800 1833       3       java.util.concurrent.locks.ReentrantLock::lockInterruptibly (9 bytes)
Event: 32.829 Thread 0x0000000056d20800 nmethod 1833 0x00000000030acb90 code [0x00000000030acd40, 0x00000000030ad258]
Event: 32.829 Thread 0x0000000056d20800 1834       3       java.util.concurrent.locks.AbstractQueuedSynchronizer::acquireInterruptibly (28 bytes)
Event: 32.829 Thread 0x0000000056d20800 nmethod 1834 0x00000000030ac410 code [0x00000000030ac5c0, 0x00000000030ac9f8]
Event: 32.909 Thread 0x0000000055237000 nmethod 1830 0x00000000030da990 code [0x00000000030dac20, 0x00000000030dc890]
Event: 32.909 Thread 0x0000000055237000 1828       4       com.android.dx.ssa.DomFront::calcDomFronts (154 bytes)
Event: 32.986 Thread 0x0000000056d20800 1842       3       com.android.dx.ssa.PhiInsn::updateSourcesToDefinitions (68 bytes)
Event: 32.987 Thread 0x0000000056d20800 nmethod 1842 0x00000000030d95d0 code [0x00000000030d97e0, 0x00000000030da378]
Event: 32.987 Thread 0x0000000056d20800 1843       3       com.android.dx.ssa.LiteralOpUpgrader$1::visitNonMoveInsn (203 bytes)
Event: 32.991 Thread 0x0000000056d20800 nmethod 1843 0x00000000030dec50 code [0x00000000030df120, 0x00000000030e2bc8]

GC Heap History (6 events):
Event: 2.199 GC heap before
{Heap before GC invocations=1 (full 0):
 PSYoungGen      total 18432K, used 15872K [0x00000000eab00000, 0x00000000ebf80000, 0x0000000100000000)
  eden space 15872K, 100% used [0x00000000eab00000,0x00000000eba80000,0x00000000eba80000)
  from space 2560K, 0% used [0x00000000ebd00000,0x00000000ebd00000,0x00000000ebf80000)
  to   space 2560K, 0% used [0x00000000eba80000,0x00000000eba80000,0x00000000ebd00000)
 ParOldGen       total 42496K, used 0K [0x00000000c0000000, 0x00000000c2980000, 0x00000000eab00000)
  object space 42496K, 0% used [0x00000000c0000000,0x00000000c0000000,0x00000000c2980000)
 Metaspace       used 5362K, capacity 6384K, committed 6528K, reserved 1056768K
  class space    used 588K, capacity 616K, committed 640K, reserved 1048576K
Event: 3.135 GC heap after
Heap after GC invocations=1 (full 0):
 PSYoungGen      total 18432K, used 2545K [0x00000000eab00000, 0x00000000ecf00000, 0x0000000100000000)
  eden space 15872K, 0% used [0x00000000eab00000,0x00000000eab00000,0x00000000eba80000)
  from space 2560K, 99% used [0x00000000eba80000,0x00000000ebcfc440,0x00000000ebd00000)
  to   space 2560K, 0% used [0x00000000ecc80000,0x00000000ecc80000,0x00000000ecf00000)
 ParOldGen       total 42496K, used 578K [0x00000000c0000000, 0x00000000c2980000, 0x00000000eab00000)
  object space 42496K, 1% used [0x00000000c0000000,0x00000000c0090b48,0x00000000c2980000)
 Metaspace       used 5362K, capacity 6384K, committed 6528K, reserved 1056768K
  class space    used 588K, capacity 616K, committed 640K, reserved 1048576K
}
Event: 11.758 GC heap before
{Heap before GC invocations=2 (full 0):
 PSYoungGen      total 18432K, used 18417K [0x00000000eab00000, 0x00000000ecf00000, 0x0000000100000000)
  eden space 15872K, 100% used [0x00000000eab00000,0x00000000eba80000,0x00000000eba80000)
  from space 2560K, 99% used [0x00000000eba80000,0x00000000ebcfc440,0x00000000ebd00000)
  to   space 2560K, 0% used [0x00000000ecc80000,0x00000000ecc80000,0x00000000ecf00000)
 ParOldGen       total 42496K, used 578K [0x00000000c0000000, 0x00000000c2980000, 0x00000000eab00000)
  object space 42496K, 1% used [0x00000000c0000000,0x00000000c0090b48,0x00000000c2980000)
 Metaspace       used 5992K, capacity 6896K, committed 7040K, reserved 1056768K
  class space    used 600K, capacity 616K, committed 640K, reserved 1048576K
Event: 12.008 GC heap after
Heap after GC invocations=2 (full 0):
 PSYoungGen      total 34304K, used 2528K [0x00000000eab00000, 0x00000000ecf00000, 0x0000000100000000)
  eden space 31744K, 0% used [0x00000000eab00000,0x00000000eab00000,0x00000000eca00000)
  from space 2560K, 98% used [0x00000000ecc80000,0x00000000ecef8048,0x00000000ecf00000)
  to   space 2560K, 0% used [0x00000000eca00000,0x00000000eca00000,0x00000000ecc80000)
 ParOldGen       total 42496K, used 1953K [0x00000000c0000000, 0x00000000c2980000, 0x00000000eab00000)
  object space 42496K, 4% used [0x00000000c0000000,0x00000000c01e86b0,0x00000000c2980000)
 Metaspace       used 5992K, capacity 6896K, committed 7040K, reserved 1056768K
  class space    used 600K, capacity 616K, committed 640K, reserved 1048576K
}
Event: 21.570 GC heap before
{Heap before GC invocations=3 (full 0):
 PSYoungGen      total 34304K, used 34272K [0x00000000eab00000, 0x00000000ecf00000, 0x0000000100000000)
  eden space 31744K, 100% used [0x00000000eab00000,0x00000000eca00000,0x00000000eca00000)
  from space 2560K, 98% used [0x00000000ecc80000,0x00000000ecef8048,0x00000000ecf00000)
  to   space 2560K, 0% used [0x00000000eca00000,0x00000000eca00000,0x00000000ecc80000)
 ParOldGen       total 42496K, used 1953K [0x00000000c0000000, 0x00000000c2980000, 0x00000000eab00000)
  object space 42496K, 4% used [0x00000000c0000000,0x00000000c01e86b0,0x00000000c2980000)
 Metaspace       used 6229K, capacity 7088K, committed 7296K, reserved 1056768K
  class space    used 601K, capacity 616K, committed 640K, reserved 1048576K
Event: 22.671 GC heap after
Heap after GC invocations=3 (full 0):
 PSYoungGen      total 34304K, used 2528K [0x00000000eab00000, 0x00000000eee00000, 0x0000000100000000)
  eden space 31744K, 0% used [0x00000000eab00000,0x00000000eab00000,0x00000000eca00000)
  from space 2560K, 98% used [0x00000000eca00000,0x00000000ecc78048,0x00000000ecc80000)
  to   space 2560K, 0% used [0x00000000eeb80000,0x00000000eeb80000,0x00000000eee00000)
 ParOldGen       total 42496K, used 6683K [0x00000000c0000000, 0x00000000c2980000, 0x00000000eab00000)
  object space 42496K, 15% used [0x00000000c0000000,0x00000000c0686fc0,0x00000000c2980000)
 Metaspace       used 6229K, capacity 7088K, committed 7296K, reserved 1056768K
  class space    used 601K, capacity 616K, committed 640K, reserved 1048576K
}

Deoptimization events (10 events):
Event: 24.652 Thread 0x0000000056fd1800 Uncommon trap: reason=bimorphic action=maybe_recompile pc=0x0000000002edf6ec method=com.android.dx.ssa.SCCP.simulatePhi(Lcom/android/dx/ssa/PhiInsn;)V @ 124
Event: 25.447 Thread 0x00000000022df000 Uncommon trap: reason=unstable_if action=reinterpret pc=0x0000000002e8ffa8 method=com.android.dx.rop.cst.StdConstantPool.set(ILcom/android/dx/rop/cst/Constant;)V @ 12
Event: 25.460 Thread 0x0000000056fd1800 Uncommon trap: reason=bimorphic action=maybe_recompile pc=0x0000000002fbaa60 method=com.android.dx.cf.code.BytecodeArray.parseInstruction(ILcom/android/dx/cf/code/BytecodeArray$Visitor;)I @ 1051
Event: 25.460 Thread 0x0000000056fd1800 Uncommon trap: reason=class_check action=maybe_recompile pc=0x0000000002fba34c method=com.android.dx.cf.code.BytecodeArray.parseInstruction(ILcom/android/dx/cf/code/BytecodeArray$Visitor;)I @ 1915
Event: 26.031 Thread 0x00000000022df000 Uncommon trap: reason=unstable_if action=reinterpret pc=0x0000000002fa8e1c method=com.android.dx.rop.code.RegisterSpecSet.<init>(I)V @ 2
Event: 26.032 Thread 0x00000000022df000 Uncommon trap: reason=unstable_if action=reinterpret pc=0x0000000002d46ed0 method=com.android.dx.rop.code.RegisterSpecSet.<init>(I)V @ 2
Event: 26.854 Thread 0x00000000022df000 Uncommon trap: reason=bimorphic action=maybe_recompile pc=0x0000000003059624 method=com.android.dx.cf.code.RopperMachine.run(Lcom/android/dx/cf/code/Frame;II)V @ 988
Event: 26.858 Thread 0x00000000022df000 Uncommon trap: reason=unloaded action=reinterpret pc=0x0000000002e5267c method=com.android.dx.ssa.LiteralOpUpgrader$1.visitNonMoveInsn(Lcom/android/dx/ssa/NormalSsaInsn;)V @ 72
Event: 32.412 Thread 0x0000000057002800 Uncommon trap: reason=null_assert action=make_not_entrant pc=0x0000000003058864 method=com.android.dx.cf.code.RopperMachine.run(Lcom/android/dx/cf/code/Frame;II)V @ 1112
Event: 32.840 Thread 0x00000000022df000 Uncommon trap: reason=unstable_if action=reinterpret pc=0x0000000002d9b54c method=com.android.dx.ssa.SsaMethod.updateOneDefinition(Lcom/android/dx/ssa/SsaInsn;Lcom/android/dx/rop/code/RegisterSpec;)V @ 4

Internal exceptions (2 events):
Event: 0.133 Thread 0x00000000022df000 Exception <a 'java/lang/NoSuchMethodError': Method sun.misc.Unsafe.defineClass(Ljava/lang/String;[BII)Ljava/lang/Class; name or signature does not match> (0x00000000eab0d598) thrown at [C:\re\workspace\8-2-build-windows-amd64-cygwin\jdk8u71\5731\hotspot\sr“dS
ó¡?
Event: 0.134 Thread 0x00000000022df000 Exception <a 'java/lang/NoSuchMethodError': Method sun.misc.Unsafe.prefetchRead(Ljava/lang/Object;J)V name or signature does not match> (0x00000000eab0d880) thrown at [C:\re\workspace\8-2-build-windows-amd64-cygwin\jdk8u71\5731\hotspot\src\share\vm\prims\j

Events (10 events):
Event: 27.455 loading class com/android/dx/rop/code/RegOps
Event: 27.455 loading class com/android/dx/rop/code/RegOps done
Event: 32.412 Thread 0x0000000057002800 Uncommon trap: trap_request=0xffffffec fr.pc=0x0000000003058864
Event: 32.412 Thread 0x0000000057002800 DEOPT PACKING pc=0x0000000003058864 sp=0x00000000582ae930
Event: 32.412 Thread 0x0000000057002800 DEOPT UNPACKING pc=0x000000000299582a sp=0x00000000582ae8f8 mode 2
Event: 32.840 Thread 0x00000000022df000 DEOPT PACKING pc=0x0000000002e5267c sp=0x000000000267df50
Event: 32.840 Thread 0x00000000022df000 DEOPT UNPACKING pc=0x000000000299582a sp=0x000000000267df18 mode 2
Event: 32.840 Thread 0x00000000022df000 Uncommon trap: trap_request=0xffffff65 fr.pc=0x0000000002d9b54c
Event: 32.840 Thread 0x00000000022df000 DEOPT PACKING pc=0x0000000002d9b54c sp=0x000000000267dd90
Event: 32.840 Thread 0x00000000022df000 DEOPT UNPACKING pc=0x000000000299582a sp=0x000000000267dd38 mode 2


Dynamic libraries:
0x000000013ff20000 - 0x000000013ff57000 	C:\Program Files\Java\jdk1.8.0_71\bin\java.exe
0x00000000776d0000 - 0x000000007787a000 	C:\Windows\SYSTEM32\ntdll.dll
0x00000000775b0000 - 0x00000000776cf000 	C:\Windows\system32\kernel32.dll
0x000007fefd660000 - 0x000007fefd6ca000 	C:\Windows\system32\KERNELBASE.dll
0x000007fefde90000 - 0x000007fefdf6b000 	C:\Windows\system32\ADVAPI32.dll
0x000007feff6b0000 - 0x000007feff74f000 	C:\Windows\system32\msvcrt.dll
0x000007fefd870000 - 0x000007fefd88f000 	C:\Windows\SYSTEM32\sechost.dll
0x000007fefdab0000 - 0x000007fefdbdd000 	C:\Windows\system32\RPCRT4.dll
0x00000000774b0000 - 0x00000000775aa000 	C:\Windows\system32\USER32.dll
0x000007feff7b0000 - 0x000007feff817000 	C:\Windows\system32\GDI32.dll
0x000007fefdaa0000 - 0x000007fefdaae000 	C:\Windows\system32\LPK.dll
0x000007fefdbe0000 - 0x000007fefdcaa000 	C:\Windows\system32\USP10.dll
0x000007fefbe70000 - 0x000007fefc064000 	C:\Windows\WinSxS\amd64_microsoft.windows.common-controls_6595b64144ccf1df_6.0.7601.18837_none_fa3b1e3d17594757\COMCTL32.dll
0x000007feff840000 - 0x000007feff8b1000 	C:\Windows\system32\SHLWAPI.dll
0x000007feff9b0000 - 0x000007feff9de000 	C:\Windows\system32\IMM32.DLL
0x000007fefdf70000 - 0x000007fefe079000 	C:\Windows\system32\MSCTF.dll
0x0000000066c40000 - 0x0000000066d12000 	C:\Program Files\Java\jdk1.8.0_71\jre\bin\msvcr100.dll
0x0000000061430000 - 0x0000000061cbf000 	C:\Program Files\Java\jdk1.8.0_71\jre\bin\server\jvm.dll
0x000007fef0c40000 - 0x000007fef0c49000 	C:\Windows\system32\WSOCK32.dll
0x000007feff960000 - 0x000007feff9ad000 	C:\Windows\system32\WS2_32.dll
0x000007fefe350000 - 0x000007fefe358000 	C:\Windows\system32\NSI.dll
0x000007fef5d00000 - 0x000007fef5d3b000 	C:\Windows\system32\WINMM.dll
0x000007fefc500000 - 0x000007fefc50c000 	C:\Windows\system32\VERSION.dll
0x00000000778a0000 - 0x00000000778a7000 	C:\Windows\system32\PSAPI.DLL
0x000000006b8e0000 - 0x000000006b8ef000 	C:\Program Files\Java\jdk1.8.0_71\jre\bin\verify.dll
0x000000006b8b0000 - 0x000000006b8d9000 	C:\Program Files\Java\jdk1.8.0_71\jre\bin\java.dll
0x000000006b850000 - 0x000000006b866000 	C:\Program Files\Java\jdk1.8.0_71\jre\bin\zip.dll
0x000007fefe650000 - 0x000007feff3dc000 	C:\Windows\system32\SHELL32.dll
0x000007fefd890000 - 0x000007fefda93000 	C:\Windows\system32\ole32.dll
0x000007fefd420000 - 0x000007fefd42f000 	C:\Windows\system32\profapi.dll

VM Arguments:
jvm_args: -Djava.awt.headless=true -Xmx1024M -Dfile.encoding=windows-1252 -Duser.country=ES -Duser.language=es -Duser.variant 
java_command: com.android.dx.command.Main --dex --force-jumbo --num-threads=4 --multi-dex --output P:\AndroidStudioProjects\MaterialDesign\app\build\intermediates\transforms\dex\debug\folders\1000\10\internal_impl-24.1.1_64322ffe0a407a7df3d849320f976e8bd7e551d6 P:\AndroidStudioProjects\MaterialDesign\app\build\intermediates\exploded-aar\com.android.support\support-v4\24.1.1\jars\libs\internal_impl-24.1.1.jar
java_class_path (initial): P:\AndroidSdk\build-tools\24.0.1\lib\dx.jar
Launcher Type: SUN_STANDARD

Environment Variables:
JAVA_HOME=C:\Program Files\Java\jdk1.8.0_71
CLASSPATH=.;C:\Program Files\Java\jdk1.8.0_71/lib;
PATH=C:\ProgramData\Oracle\Java\javapath;P:\ORACLE\app\oracle\product\11.2.0\server\bin;P:\oracle\software\bin;C:\Program Files\Java\jdk1.8.0_71/bin;C:\Program Files (x86)\Skype\Phone\;C:\Program Files\Java\jdk1.8.0_71\bin;c:\windows;c:\windows\system32;c:\windows\system32\wbem ;P:\cygwin64\bin\;P:\cygwin64\lib\;C:\Program Files (x86)\CodeBlocks\MinGW\bin\;C:\Program Files (x86)\CodeBlocks\MinGW\lib\;C:\Program Files\Git\cmd;C:\Program Files\Java\jdk1.8.0_71\bin;C:\Users\Juan Diego\AppData\Local\atom\bin
USERNAME=Juan Diego
OS=Windows_NT
PROCESSOR_IDENTIFIER=Intel64 Family 6 Model 42 Stepping 7, GenuineIntel



---------------  S Y S T E M  ---------------

OS: Windows 7 , 64 bit Build 7601 (6.1.7601.23418)

CPU:total 4 (2 cores per cpu, 2 threads per core) family 6 model 42 stepping 7, cmov, cx8, fxsr, mmx, sse, sse2, sse3, ssse3, sse4.1, sse4.2, popcnt, avx, clmul, ht, tsc, tscinvbit

Memory: 4k page, physical 3968552k(53104k free), swap 7115856k(116348k free)

vm_info: Java HotSpot(TM) 64-Bit Server VM (25.71-b15) for windows-amd64 JRE (1.8.0_71-b15), built on Dec 22 2015 18:15:55 by "java_re" with MS VC++ 10.0 (VS2010)

time: Tue Aug 09 20:25:20 2016
elapsed time: 35 seconds (0d 0h 0m 35s)

